{"/Users/inga/Desktop/game-saya/api/db/readers.ts": {"path":"/Users/inga/Desktop/game-saya/api/db/readers.ts","statementMap":{"0":{"start":{"line":7,"column":0},"end":{"line":7,"column":null}},"1":{"start":{"line":14,"column":35},"end":{"line":16,"column":1}},"2":{"start":{"line":15,"column":2},"end":{"line":15,"column":22}},"3":{"start":{"line":14,"column":13},"end":{"line":14,"column":35}},"4":{"start":{"line":18,"column":41},"end":{"line":20,"column":1}},"5":{"start":{"line":19,"column":2},"end":{"line":19,"column":28}},"6":{"start":{"line":18,"column":13},"end":{"line":18,"column":41}},"7":{"start":{"line":22,"column":39},"end":{"line":24,"column":1}},"8":{"start":{"line":23,"column":2},"end":{"line":23,"column":26}},"9":{"start":{"line":22,"column":13},"end":{"line":22,"column":39}},"10":{"start":{"line":26,"column":37},"end":{"line":28,"column":1}},"11":{"start":{"line":27,"column":2},"end":{"line":27,"column":24}},"12":{"start":{"line":26,"column":13},"end":{"line":26,"column":37}},"13":{"start":{"line":30,"column":32},"end":{"line":41,"column":1}},"14":{"start":{"line":32,"column":17},"end":{"line":33,"column":null}},"15":{"start":{"line":33,"column":25},"end":{"line":33,"column":null}},"16":{"start":{"line":36,"column":2},"end":{"line":38,"column":null}},"17":{"start":{"line":40,"column":2},"end":{"line":40,"column":16}},"18":{"start":{"line":30,"column":13},"end":{"line":30,"column":32}},"19":{"start":{"line":43,"column":37},"end":{"line":49,"column":1}},"20":{"start":{"line":44,"column":23},"end":{"line":45,"column":null}},"21":{"start":{"line":45,"column":31},"end":{"line":45,"column":null}},"22":{"start":{"line":47,"column":2},"end":{"line":47,"column":63}},"23":{"start":{"line":47,"column":21},"end":{"line":47,"column":63}},"24":{"start":{"line":48,"column":2},"end":{"line":48,"column":22}},"25":{"start":{"line":43,"column":13},"end":{"line":43,"column":37}},"26":{"start":{"line":51,"column":35},"end":{"line":57,"column":1}},"27":{"start":{"line":52,"column":21},"end":{"line":53,"column":null}},"28":{"start":{"line":53,"column":29},"end":{"line":53,"column":null}},"29":{"start":{"line":55,"column":2},"end":{"line":55,"column":59}},"30":{"start":{"line":55,"column":19},"end":{"line":55,"column":59}},"31":{"start":{"line":56,"column":2},"end":{"line":56,"column":20}},"32":{"start":{"line":51,"column":13},"end":{"line":51,"column":35}},"33":{"start":{"line":59,"column":33},"end":{"line":65,"column":1}},"34":{"start":{"line":60,"column":19},"end":{"line":61,"column":null}},"35":{"start":{"line":61,"column":27},"end":{"line":61,"column":null}},"36":{"start":{"line":63,"column":2},"end":{"line":63,"column":57}},"37":{"start":{"line":63,"column":17},"end":{"line":63,"column":57}},"38":{"start":{"line":64,"column":2},"end":{"line":64,"column":18}},"39":{"start":{"line":59,"column":13},"end":{"line":59,"column":33}}},"fnMap":{"0":{"name":"(anonymous_0)","decl":{"start":{"line":14,"column":35},"end":{"line":14,"column":null}},"loc":{"start":{"line":14,"column":35},"end":{"line":16,"column":1}}},"1":{"name":"(anonymous_1)","decl":{"start":{"line":18,"column":41},"end":{"line":18,"column":null}},"loc":{"start":{"line":18,"column":41},"end":{"line":20,"column":1}}},"2":{"name":"(anonymous_2)","decl":{"start":{"line":22,"column":39},"end":{"line":22,"column":null}},"loc":{"start":{"line":22,"column":39},"end":{"line":24,"column":1}}},"3":{"name":"(anonymous_3)","decl":{"start":{"line":26,"column":37},"end":{"line":26,"column":null}},"loc":{"start":{"line":26,"column":37},"end":{"line":28,"column":1}}},"4":{"name":"(anonymous_4)","decl":{"start":{"line":30,"column":32},"end":{"line":30,"column":33}},"loc":{"start":{"line":30,"column":49},"end":{"line":41,"column":1}}},"5":{"name":"(anonymous_5)","decl":{"start":{"line":33,"column":4},"end":{"line":33,"column":5}},"loc":{"start":{"line":33,"column":20},"end":{"line":33,"column":26}}},"6":{"name":"(anonymous_6)","decl":{"start":{"line":43,"column":37},"end":{"line":43,"column":38}},"loc":{"start":{"line":43,"column":53},"end":{"line":49,"column":1}}},"7":{"name":"(anonymous_7)","decl":{"start":{"line":45,"column":4},"end":{"line":45,"column":5}},"loc":{"start":{"line":45,"column":26},"end":{"line":45,"column":32}}},"8":{"name":"(anonymous_8)","decl":{"start":{"line":51,"column":35},"end":{"line":51,"column":36}},"loc":{"start":{"line":51,"column":51},"end":{"line":57,"column":1}}},"9":{"name":"(anonymous_9)","decl":{"start":{"line":53,"column":4},"end":{"line":53,"column":5}},"loc":{"start":{"line":53,"column":24},"end":{"line":53,"column":30}}},"10":{"name":"(anonymous_10)","decl":{"start":{"line":59,"column":33},"end":{"line":59,"column":34}},"loc":{"start":{"line":59,"column":49},"end":{"line":65,"column":1}}},"11":{"name":"(anonymous_11)","decl":{"start":{"line":61,"column":4},"end":{"line":61,"column":5}},"loc":{"start":{"line":61,"column":22},"end":{"line":61,"column":28}}}},"branchMap":{"0":{"loc":{"start":{"line":36,"column":2},"end":{"line":38,"column":null}},"type":"if","locations":[{"start":{"line":36,"column":2},"end":{"line":38,"column":null}}]},"1":{"loc":{"start":{"line":47,"column":2},"end":{"line":47,"column":63}},"type":"if","locations":[{"start":{"line":47,"column":2},"end":{"line":47,"column":63}}]},"2":{"loc":{"start":{"line":55,"column":2},"end":{"line":55,"column":59}},"type":"if","locations":[{"start":{"line":55,"column":2},"end":{"line":55,"column":59}}]},"3":{"loc":{"start":{"line":63,"column":2},"end":{"line":63,"column":57}},"type":"if","locations":[{"start":{"line":63,"column":2},"end":{"line":63,"column":57}}]}},"s":{"0":1,"1":1,"2":0,"3":1,"4":1,"5":0,"6":1,"7":1,"8":0,"9":1,"10":1,"11":0,"12":1,"13":1,"14":0,"15":0,"16":0,"17":0,"18":1,"19":1,"20":0,"21":0,"22":0,"23":0,"24":0,"25":1,"26":1,"27":0,"28":0,"29":0,"30":0,"31":0,"32":1,"33":1,"34":0,"35":0,"36":0,"37":0,"38":0,"39":1},"f":{"0":0,"1":0,"2":0,"3":0,"4":0,"5":0,"6":0,"7":0,"8":0,"9":0,"10":0,"11":0},"b":{"0":[0],"1":[0],"2":[0],"3":[0]}}
,"/Users/inga/Desktop/game-saya/api/db/testDB.ts": {"path":"/Users/inga/Desktop/game-saya/api/db/testDB.ts","statementMap":{"0":{"start":{"line":11,"column":13},"end":{"line":20,"column":2}},"1":{"start":{"line":22,"column":13},"end":{"line":109,"column":2}},"2":{"start":{"line":111,"column":13},"end":{"line":131,"column":2}},"3":{"start":{"line":133,"column":13},"end":{"line":136,"column":2}},"4":{"start":{"line":138,"column":13},"end":{"line":140,"column":2}},"5":{"start":{"line":142,"column":13},"end":{"line":144,"column":2}}},"fnMap":{},"branchMap":{},"s":{"0":2,"1":2,"2":2,"3":2,"4":2,"5":2},"f":{},"b":{}}
,"/Users/inga/Desktop/game-saya/api/engine/actions.ts": {"path":"/Users/inga/Desktop/game-saya/api/engine/actions.ts","statementMap":{"0":{"start":{"line":1,"column":0},"end":{"line":1,"column":36}},"1":{"start":{"line":10,"column":23},"end":{"line":21,"column":1}},"2":{"start":{"line":11,"column":20},"end":{"line":12,"column":null}},"3":{"start":{"line":12,"column":21},"end":{"line":12,"column":null}},"4":{"start":{"line":14,"column":2},"end":{"line":15,"column":61}},"5":{"start":{"line":15,"column":4},"end":{"line":15,"column":61}},"6":{"start":{"line":16,"column":21},"end":{"line":17,"column":null}},"7":{"start":{"line":17,"column":19},"end":{"line":17,"column":null}},"8":{"start":{"line":19,"column":2},"end":{"line":19,"column":76}},"9":{"start":{"line":19,"column":25},"end":{"line":19,"column":76}},"10":{"start":{"line":20,"column":2},"end":{"line":20,"column":33}},"11":{"start":{"line":23,"column":28},"end":{"line":41,"column":1}},"12":{"start":{"line":28,"column":34},"end":{"line":28,"column":65}},"13":{"start":{"line":28,"column":18},"end":{"line":28,"column":20}},"14":{"start":{"line":28,"column":30},"end":{"line":28,"column":34}},"15":{"start":{"line":29,"column":16},"end":{"line":29,"column":55}},"16":{"start":{"line":30,"column":2},"end":{"line":39,"column":5}},"17":{"start":{"line":31,"column":16},"end":{"line":32,"column":null}},"18":{"start":{"line":34,"column":15},"end":{"line":34,"column":41}},"19":{"start":{"line":35,"column":4},"end":{"line":37,"column":null}},"20":{"start":{"line":36,"column":6},"end":{"line":36,"column":22}},"21":{"start":{"line":38,"column":4},"end":{"line":38,"column":63}},"22":{"start":{"line":40,"column":2},"end":{"line":40,"column":19}},"23":{"start":{"line":23,"column":13},"end":{"line":23,"column":28}},"24":{"start":{"line":43,"column":29},"end":{"line":53,"column":1}},"25":{"start":{"line":47,"column":34},"end":{"line":47,"column":65}},"26":{"start":{"line":47,"column":18},"end":{"line":47,"column":20}},"27":{"start":{"line":47,"column":30},"end":{"line":47,"column":34}},"28":{"start":{"line":48,"column":2},"end":{"line":50,"column":null}},"29":{"start":{"line":49,"column":4},"end":{"line":49,"column":66}},"30":{"start":{"line":51,"column":2},"end":{"line":51,"column":64}},"31":{"start":{"line":52,"column":2},"end":{"line":52,"column":18}},"32":{"start":{"line":43,"column":13},"end":{"line":43,"column":29}},"33":{"start":{"line":55,"column":29},"end":{"line":66,"column":1}},"34":{"start":{"line":60,"column":34},"end":{"line":60,"column":65}},"35":{"start":{"line":60,"column":18},"end":{"line":60,"column":20}},"36":{"start":{"line":60,"column":30},"end":{"line":60,"column":34}},"37":{"start":{"line":61,"column":16},"end":{"line":61,"column":55}},"38":{"start":{"line":62,"column":2},"end":{"line":64,"column":null}},"39":{"start":{"line":63,"column":4},"end":{"line":63,"column":34}},"40":{"start":{"line":65,"column":2},"end":{"line":65,"column":13}},"41":{"start":{"line":55,"column":13},"end":{"line":55,"column":29}}},"fnMap":{"0":{"name":"(anonymous_1)","decl":{"start":{"line":10,"column":23},"end":{"line":10,"column":24}},"loc":{"start":{"line":10,"column":72},"end":{"line":21,"column":1}}},"1":{"name":"(anonymous_2)","decl":{"start":{"line":12,"column":4},"end":{"line":12,"column":5}},"loc":{"start":{"line":12,"column":16},"end":{"line":12,"column":22}}},"2":{"name":"(anonymous_3)","decl":{"start":{"line":17,"column":4},"end":{"line":17,"column":5}},"loc":{"start":{"line":17,"column":14},"end":{"line":17,"column":20}}},"3":{"name":"(anonymous_4)","decl":{"start":{"line":23,"column":28},"end":{"line":23,"column":null}},"loc":{"start":{"line":26,"column":22},"end":{"line":41,"column":1}}},"4":{"name":"(anonymous_5)","decl":{"start":{"line":30,"column":31},"end":{"line":30,"column":32}},"loc":{"start":{"line":30,"column":50},"end":{"line":39,"column":3}}},"5":{"name":"(anonymous_6)","decl":{"start":{"line":43,"column":29},"end":{"line":43,"column":null}},"loc":{"start":{"line":45,"column":22},"end":{"line":53,"column":1}}},"6":{"name":"(anonymous_7)","decl":{"start":{"line":55,"column":29},"end":{"line":55,"column":null}},"loc":{"start":{"line":58,"column":22},"end":{"line":66,"column":1}}}},"branchMap":{"0":{"loc":{"start":{"line":14,"column":2},"end":{"line":15,"column":61}},"type":"if","locations":[{"start":{"line":14,"column":2},"end":{"line":15,"column":61}}]},"1":{"loc":{"start":{"line":19,"column":2},"end":{"line":19,"column":76}},"type":"if","locations":[{"start":{"line":19,"column":2},"end":{"line":19,"column":76}}]},"2":{"loc":{"start":{"line":35,"column":4},"end":{"line":37,"column":null}},"type":"if","locations":[{"start":{"line":35,"column":4},"end":{"line":37,"column":null}}]},"3":{"loc":{"start":{"line":48,"column":2},"end":{"line":50,"column":null}},"type":"if","locations":[{"start":{"line":48,"column":2},"end":{"line":50,"column":null}}]},"4":{"loc":{"start":{"line":62,"column":2},"end":{"line":64,"column":null}},"type":"if","locations":[{"start":{"line":62,"column":2},"end":{"line":64,"column":null}}]}},"s":{"0":2,"1":2,"2":9,"3":9,"4":9,"5":0,"6":9,"7":11,"8":9,"9":0,"10":9,"11":2,"12":3,"13":3,"14":3,"15":3,"16":3,"17":6,"18":6,"19":6,"20":4,"21":6,"22":3,"23":2,"24":2,"25":3,"26":3,"27":3,"28":3,"29":3,"30":3,"31":3,"32":2,"33":2,"34":3,"35":3,"36":3,"37":3,"38":3,"39":2,"40":1,"41":2},"f":{"0":9,"1":9,"2":11,"3":3,"4":6,"5":3,"6":3},"b":{"0":[0],"1":[0],"2":[4],"3":[3],"4":[2]}}
,"/Users/inga/Desktop/game-saya/api/engine/engine.ts": {"path":"/Users/inga/Desktop/game-saya/api/engine/engine.ts","statementMap":{"0":{"start":{"line":1,"column":0},"end":{"line":1,"column":null}},"1":{"start":{"line":6,"column":0},"end":{"line":6,"column":40}},"2":{"start":{"line":7,"column":0},"end":{"line":7,"column":77}},"3":{"start":{"line":10,"column":28},"end":{"line":22,"column":2}},"4":{"start":{"line":24,"column":31},"end":{"line":33,"column":1}},"5":{"start":{"line":29,"column":2},"end":{"line":31,"column":null}},"6":{"start":{"line":30,"column":4},"end":{"line":30,"column":51}},"7":{"start":{"line":32,"column":2},"end":{"line":32,"column":34}},"8":{"start":{"line":24,"column":13},"end":{"line":24,"column":31}},"9":{"start":{"line":35,"column":27},"end":{"line":59,"column":1}},"10":{"start":{"line":37,"column":15},"end":{"line":37,"column":25}},"11":{"start":{"line":38,"column":2},"end":{"line":57,"column":null}},"12":{"start":{"line":38,"column":15},"end":{"line":38,"column":16}},"13":{"start":{"line":39,"column":18},"end":{"line":39,"column":27}},"14":{"start":{"line":40,"column":4},"end":{"line":56,"column":null}},"15":{"start":{"line":42,"column":8},"end":{"line":45,"column":10}},"16":{"start":{"line":46,"column":8},"end":{"line":46,"column":17}},"17":{"start":{"line":48,"column":8},"end":{"line":48,"column":77}},"18":{"start":{"line":49,"column":8},"end":{"line":49,"column":17}},"19":{"start":{"line":51,"column":8},"end":{"line":54,"column":10}},"20":{"start":{"line":55,"column":8},"end":{"line":55,"column":17}},"21":{"start":{"line":58,"column":2},"end":{"line":58,"column":16}},"22":{"start":{"line":35,"column":13},"end":{"line":35,"column":27}}},"fnMap":{"0":{"name":"(anonymous_2)","decl":{"start":{"line":24,"column":31},"end":{"line":24,"column":null}},"loc":{"start":{"line":27,"column":15},"end":{"line":33,"column":1}}},"1":{"name":"(anonymous_3)","decl":{"start":{"line":35,"column":27},"end":{"line":35,"column":28}},"loc":{"start":{"line":35,"column":50},"end":{"line":59,"column":1}}}},"branchMap":{"0":{"loc":{"start":{"line":29,"column":2},"end":{"line":31,"column":null}},"type":"if","locations":[{"start":{"line":29,"column":2},"end":{"line":31,"column":null}}]},"1":{"loc":{"start":{"line":40,"column":4},"end":{"line":56,"column":null}},"type":"switch","locations":[{"start":{"line":41,"column":6},"end":{"line":46,"column":17}},{"start":{"line":47,"column":6},"end":{"line":49,"column":17}},{"start":{"line":50,"column":6},"end":{"line":55,"column":17}}]}},"s":{"0":1,"1":1,"2":1,"3":1,"4":1,"5":1,"6":1,"7":0,"8":1,"9":1,"10":0,"11":0,"12":0,"13":0,"14":0,"15":0,"16":0,"17":0,"18":0,"19":0,"20":0,"21":0,"22":1},"f":{"0":1,"1":0},"b":{"0":[1],"1":[0,0,0]}}
,"/Users/inga/Desktop/game-saya/api/engine/events.ts": {"path":"/Users/inga/Desktop/game-saya/api/engine/events.ts","statementMap":{"0":{"start":{"line":1,"column":0},"end":{"line":1,"column":51}},"1":{"start":{"line":2,"column":0},"end":{"line":2,"column":71}},"2":{"start":{"line":3,"column":0},"end":{"line":3,"column":43}},"3":{"start":{"line":12,"column":33},"end":{"line":27,"column":1}},"4":{"start":{"line":16,"column":2},"end":{"line":25,"column":null}},"5":{"start":{"line":24,"column":6},"end":{"line":24,"column":35}},"6":{"start":{"line":12,"column":13},"end":{"line":12,"column":33}},"7":{"start":{"line":29,"column":31},"end":{"line":39,"column":1}},"8":{"start":{"line":33,"column":22},"end":{"line":36,"column":null}},"9":{"start":{"line":38,"column":2},"end":{"line":38,"column":60}},"10":{"start":{"line":29,"column":13},"end":{"line":29,"column":31}},"11":{"start":{"line":41,"column":29},"end":{"line":61,"column":1}},"12":{"start":{"line":45,"column":21},"end":{"line":45,"column":37}},"13":{"start":{"line":46,"column":20},"end":{"line":46,"column":35}},"14":{"start":{"line":47,"column":22},"end":{"line":47,"column":38}},"15":{"start":{"line":49,"column":2},"end":{"line":53,"column":null}},"16":{"start":{"line":50,"column":4},"end":{"line":50,"column":76}},"17":{"start":{"line":51,"column":4},"end":{"line":51,"column":74}},"18":{"start":{"line":52,"column":4},"end":{"line":52,"column":56}},"19":{"start":{"line":55,"column":2},"end":{"line":59,"column":null}},"20":{"start":{"line":41,"column":13},"end":{"line":41,"column":29}}},"fnMap":{"0":{"name":"(anonymous_2)","decl":{"start":{"line":12,"column":33},"end":{"line":12,"column":null}},"loc":{"start":{"line":14,"column":17},"end":{"line":27,"column":1}}},"1":{"name":"(anonymous_3)","decl":{"start":{"line":23,"column":57},"end":{"line":23,"column":58}},"loc":{"start":{"line":23,"column":70},"end":{"line":25,"column":5}}},"2":{"name":"(anonymous_4)","decl":{"start":{"line":29,"column":31},"end":{"line":29,"column":null}},"loc":{"start":{"line":31,"column":17},"end":{"line":39,"column":1}}},"3":{"name":"(anonymous_5)","decl":{"start":{"line":41,"column":29},"end":{"line":41,"column":null}},"loc":{"start":{"line":43,"column":17},"end":{"line":61,"column":1}}}},"branchMap":{"0":{"loc":{"start":{"line":49,"column":2},"end":{"line":53,"column":null}},"type":"if","locations":[{"start":{"line":49,"column":2},"end":{"line":53,"column":null}}]}},"s":{"0":1,"1":1,"2":1,"3":1,"4":1,"5":8,"6":1,"7":1,"8":1,"9":1,"10":1,"11":1,"12":1,"13":1,"14":1,"15":1,"16":1,"17":1,"18":1,"19":1,"20":1},"f":{"0":1,"1":8,"2":1,"3":1},"b":{"0":[1]}}
}
