{"/Users/inga/Desktop/game-card/api/__test__/testdata.ts": {"path":"/Users/inga/Desktop/game-card/api/__test__/testdata.ts","statementMap":{"0":{"start":{"line":22,"column":16},"end":{"line":22,"column":45}},"1":{"start":{"line":23,"column":19},"end":{"line":23,"column":50}},"2":{"start":{"line":24,"column":17},"end":{"line":24,"column":49}},"3":{"start":{"line":25,"column":16},"end":{"line":25,"column":73}},"4":{"start":{"line":26,"column":19},"end":{"line":26,"column":57}},"5":{"start":{"line":27,"column":15},"end":{"line":27,"column":72}},"6":{"start":{"line":28,"column":16},"end":{"line":28,"column":60}},"7":{"start":{"line":29,"column":17},"end":{"line":29,"column":65}},"8":{"start":{"line":30,"column":15},"end":{"line":36,"column":2}},"9":{"start":{"line":38,"column":13},"end":{"line":55,"column":2}},"10":{"start":{"line":40,"column":4},"end":{"line":53,"column":6}},"11":{"start":{"line":57,"column":13},"end":{"line":65,"column":2}},"12":{"start":{"line":59,"column":4},"end":{"line":63,"column":6}},"13":{"start":{"line":67,"column":27},"end":{"line":75,"column":2}},"14":{"start":{"line":68,"column":2},"end":{"line":74,"column":4}},"15":{"start":{"line":77,"column":13},"end":{"line":85,"column":3}},"16":{"start":{"line":78,"column":2},"end":{"line":84,"column":4}},"17":{"start":{"line":87,"column":13},"end":{"line":97,"column":3}},"18":{"start":{"line":88,"column":2},"end":{"line":96,"column":4}},"19":{"start":{"line":99,"column":13},"end":{"line":109,"column":2}},"20":{"start":{"line":101,"column":4},"end":{"line":107,"column":6}},"21":{"start":{"line":111,"column":13},"end":{"line":117,"column":3}},"22":{"start":{"line":112,"column":2},"end":{"line":116,"column":4}},"23":{"start":{"line":119,"column":13},"end":{"line":127,"column":3}},"24":{"start":{"line":120,"column":2},"end":{"line":126,"column":4}},"25":{"start":{"line":129,"column":13},"end":{"line":139,"column":2}},"26":{"start":{"line":131,"column":4},"end":{"line":137,"column":6}},"27":{"start":{"line":141,"column":13},"end":{"line":145,"column":2}},"28":{"start":{"line":143,"column":4},"end":{"line":143,"column":38}},"29":{"start":{"line":147,"column":13},"end":{"line":154,"column":3}},"30":{"start":{"line":148,"column":2},"end":{"line":153,"column":4}},"31":{"start":{"line":156,"column":13},"end":{"line":164,"column":3}},"32":{"start":{"line":157,"column":2},"end":{"line":163,"column":4}},"33":{"start":{"line":179,"column":13},"end":{"line":192,"column":2}},"34":{"start":{"line":181,"column":21},"end":{"line":181,"column":64}},"35":{"start":{"line":181,"column":51},"end":{"line":181,"column":64}},"36":{"start":{"line":182,"column":4},"end":{"line":184,"column":null}},"37":{"start":{"line":183,"column":6},"end":{"line":183,"column":71}},"38":{"start":{"line":185,"column":4},"end":{"line":189,"column":null}},"39":{"start":{"line":194,"column":13},"end":{"line":209,"column":3}},"40":{"start":{"line":199,"column":2},"end":{"line":208,"column":4}},"41":{"start":{"line":211,"column":13},"end":{"line":215,"column":2}},"42":{"start":{"line":213,"column":4},"end":{"line":213,"column":48}},"43":{"start":{"line":217,"column":13},"end":{"line":226,"column":2}},"44":{"start":{"line":218,"column":28},"end":{"line":225,"column":null}},"45":{"start":{"line":228,"column":13},"end":{"line":234,"column":3}},"46":{"start":{"line":229,"column":2},"end":{"line":232,"column":null}}},"fnMap":{"0":{"name":"(anonymous_2)","decl":{"start":{"line":39,"column":2},"end":{"line":39,"column":3}},"loc":{"start":{"line":39,"column":23},"end":{"line":54,"column":3}}},"1":{"name":"(anonymous_3)","decl":{"start":{"line":58,"column":2},"end":{"line":58,"column":3}},"loc":{"start":{"line":58,"column":23},"end":{"line":64,"column":3}}},"2":{"name":"(anonymous_4)","decl":{"start":{"line":67,"column":41},"end":{"line":67,"column":42}},"loc":{"start":{"line":67,"column":51},"end":{"line":75,"column":1}}},"3":{"name":"(anonymous_5)","decl":{"start":{"line":77,"column":56},"end":{"line":77,"column":57}},"loc":{"start":{"line":77,"column":66},"end":{"line":85,"column":1}}},"4":{"name":"(anonymous_6)","decl":{"start":{"line":87,"column":49},"end":{"line":87,"column":50}},"loc":{"start":{"line":87,"column":70},"end":{"line":97,"column":1}}},"5":{"name":"(anonymous_7)","decl":{"start":{"line":100,"column":2},"end":{"line":100,"column":3}},"loc":{"start":{"line":100,"column":23},"end":{"line":108,"column":3}}},"6":{"name":"(anonymous_8)","decl":{"start":{"line":111,"column":50},"end":{"line":111,"column":51}},"loc":{"start":{"line":111,"column":71},"end":{"line":117,"column":1}}},"7":{"name":"(anonymous_9)","decl":{"start":{"line":119,"column":53},"end":{"line":119,"column":54}},"loc":{"start":{"line":119,"column":74},"end":{"line":127,"column":1}}},"8":{"name":"(anonymous_10)","decl":{"start":{"line":130,"column":2},"end":{"line":130,"column":3}},"loc":{"start":{"line":130,"column":23},"end":{"line":138,"column":3}}},"9":{"name":"(anonymous_11)","decl":{"start":{"line":142,"column":2},"end":{"line":142,"column":3}},"loc":{"start":{"line":142,"column":15},"end":{"line":144,"column":3}}},"10":{"name":"(anonymous_12)","decl":{"start":{"line":147,"column":50},"end":{"line":147,"column":51}},"loc":{"start":{"line":147,"column":71},"end":{"line":154,"column":1}}},"11":{"name":"(anonymous_13)","decl":{"start":{"line":156,"column":47},"end":{"line":156,"column":48}},"loc":{"start":{"line":156,"column":68},"end":{"line":164,"column":1}}},"12":{"name":"(anonymous_14)","decl":{"start":{"line":180,"column":2},"end":{"line":180,"column":3}},"loc":{"start":{"line":180,"column":23},"end":{"line":191,"column":3}}},"13":{"name":"(anonymous_15)","decl":{"start":{"line":181,"column":37},"end":{"line":181,"column":38}},"loc":{"start":{"line":181,"column":46},"end":{"line":181,"column":52}}},"14":{"name":"(anonymous_16)","decl":{"start":{"line":198,"column":6},"end":{"line":198,"column":7}},"loc":{"start":{"line":198,"column":27},"end":{"line":209,"column":1}}},"15":{"name":"(anonymous_17)","decl":{"start":{"line":212,"column":2},"end":{"line":212,"column":3}},"loc":{"start":{"line":212,"column":27},"end":{"line":214,"column":3}}},"16":{"name":"(anonymous_18)","decl":{"start":{"line":218,"column":2},"end":{"line":218,"column":3}},"loc":{"start":{"line":218,"column":23},"end":{"line":218,"column":null}}},"17":{"name":"(anonymous_19)","decl":{"start":{"line":228,"column":72},"end":{"line":228,"column":73}},"loc":{"start":{"line":228,"column":74},"end":{"line":234,"column":1}}}},"branchMap":{"0":{"loc":{"start":{"line":46,"column":18},"end":{"line":46,"column":43}},"type":"cond-expr","locations":[{"start":{"line":46,"column":26},"end":{"line":46,"column":33}},{"start":{"line":46,"column":36},"end":{"line":46,"column":43}}]},"1":{"loc":{"start":{"line":80,"column":14},"end":{"line":80,"column":32}},"type":"cond-expr","locations":[{"start":{"line":80,"column":24},"end":{"line":80,"column":28}},{"start":{"line":80,"column":31},"end":{"line":80,"column":32}}]},"2":{"loc":{"start":{"line":92,"column":13},"end":{"line":92,"column":35}},"type":"cond-expr","locations":[{"start":{"line":92,"column":23},"end":{"line":92,"column":27}},{"start":{"line":92,"column":30},"end":{"line":92,"column":35}}]},"3":{"loc":{"start":{"line":93,"column":10},"end":{"line":93,"column":32}},"type":"cond-expr","locations":[{"start":{"line":93,"column":20},"end":{"line":93,"column":25}},{"start":{"line":93,"column":28},"end":{"line":93,"column":32}}]},"4":{"loc":{"start":{"line":135,"column":14},"end":{"line":135,"column":53}},"type":"cond-expr","locations":[{"start":{"line":135,"column":22},"end":{"line":135,"column":36}},{"start":{"line":135,"column":39},"end":{"line":135,"column":53}}]},"5":{"loc":{"start":{"line":136,"column":19},"end":{"line":136,"column":33}},"type":"cond-expr","locations":[{"start":{"line":136,"column":27},"end":{"line":136,"column":28}},{"start":{"line":136,"column":31},"end":{"line":136,"column":33}}]},"6":{"loc":{"start":{"line":162,"column":13},"end":{"line":162,"column":54}},"type":"cond-expr","locations":[{"start":{"line":162,"column":21},"end":{"line":162,"column":36}},{"start":{"line":162,"column":39},"end":{"line":162,"column":54}}]},"7":{"loc":{"start":{"line":182,"column":4},"end":{"line":184,"column":null}},"type":"if","locations":[{"start":{"line":182,"column":4},"end":{"line":184,"column":null}}]},"8":{"loc":{"start":{"line":187,"column":16},"end":{"line":187,"column":36}},"type":"cond-expr","locations":[{"start":{"line":187,"column":24},"end":{"line":187,"column":28}},{"start":{"line":187,"column":31},"end":{"line":187,"column":36}}]}},"s":{"0":8,"1":8,"2":8,"3":8,"4":8,"5":8,"6":8,"7":8,"8":8,"9":8,"10":40,"11":8,"12":32,"13":8,"14":24,"15":8,"16":24,"17":8,"18":24,"19":8,"20":24,"21":8,"22":32,"23":8,"24":32,"25":8,"26":32,"27":8,"28":32,"29":8,"30":32,"31":8,"32":40,"33":8,"34":24,"35":48,"36":24,"37":0,"38":24,"39":8,"40":24,"41":8,"42":32,"43":8,"44":40,"45":8,"46":32},"f":{"0":40,"1":32,"2":24,"3":24,"4":24,"5":24,"6":32,"7":32,"8":32,"9":32,"10":32,"11":40,"12":24,"13":48,"14":24,"15":32,"16":40,"17":32},"b":{"0":[16,24],"1":[8,16],"2":[8,16],"3":[8,16],"4":[16,16],"5":[16,16],"6":[16,24],"7":[0],"8":[16,8]}}
,"/Users/inga/Desktop/game-card/api/engine/actions.ts": {"path":"/Users/inga/Desktop/game-card/api/engine/actions.ts","statementMap":{"0":{"start":{"line":17,"column":22},"end":{"line":17,"column":23}},"1":{"start":{"line":19,"column":23},"end":{"line":56,"column":1}},"2":{"start":{"line":25,"column":20},"end":{"line":25,"column":61}},"3":{"start":{"line":25,"column":49},"end":{"line":25,"column":61}},"4":{"start":{"line":26,"column":2},"end":{"line":28,"column":null}},"5":{"start":{"line":27,"column":4},"end":{"line":27,"column":79}},"6":{"start":{"line":29,"column":2},"end":{"line":38,"column":null}},"7":{"start":{"line":30,"column":4},"end":{"line":37,"column":6}},"8":{"start":{"line":40,"column":21},"end":{"line":41,"column":null}},"9":{"start":{"line":41,"column":24},"end":{"line":41,"column":null}},"10":{"start":{"line":43,"column":2},"end":{"line":46,"column":null}},"11":{"start":{"line":44,"column":4},"end":{"line":44,"column":75}},"12":{"start":{"line":45,"column":4},"end":{"line":45,"column":24}},"13":{"start":{"line":48,"column":2},"end":{"line":55,"column":5}},"14":{"start":{"line":19,"column":13},"end":{"line":19,"column":23}},"15":{"start":{"line":59,"column":19},"end":{"line":61,"column":1}},"16":{"start":{"line":60,"column":2},"end":{"line":60,"column":22}},"17":{"start":{"line":63,"column":17},"end":{"line":65,"column":1}},"18":{"start":{"line":64,"column":2},"end":{"line":64,"column":45}},"19":{"start":{"line":67,"column":34},"end":{"line":83,"column":1}},"20":{"start":{"line":71,"column":2},"end":{"line":73,"column":null}},"21":{"start":{"line":72,"column":4},"end":{"line":72,"column":63}},"22":{"start":{"line":74,"column":2},"end":{"line":76,"column":null}},"23":{"start":{"line":75,"column":4},"end":{"line":75,"column":71}},"24":{"start":{"line":77,"column":2},"end":{"line":81,"column":null}},"25":{"start":{"line":77,"column":33},"end":{"line":77,"column":57}},"26":{"start":{"line":78,"column":4},"end":{"line":80,"column":6}},"27":{"start":{"line":82,"column":2},"end":{"line":82,"column":22}},"28":{"start":{"line":85,"column":35},"end":{"line":103,"column":1}},"29":{"start":{"line":90,"column":28},"end":{"line":90,"column":79}},"30":{"start":{"line":90,"column":68},"end":{"line":90,"column":79}},"31":{"start":{"line":91,"column":35},"end":{"line":92,"column":null}},"32":{"start":{"line":92,"column":24},"end":{"line":92,"column":null}},"33":{"start":{"line":94,"column":2},"end":{"line":96,"column":null}},"34":{"start":{"line":95,"column":4},"end":{"line":95,"column":56}},"35":{"start":{"line":98,"column":2},"end":{"line":102,"column":null}},"36":{"start":{"line":99,"column":4},"end":{"line":101,"column":6}},"37":{"start":{"line":104,"column":28},"end":{"line":126,"column":1}},"38":{"start":{"line":109,"column":35},"end":{"line":111,"column":null}},"39":{"start":{"line":114,"column":2},"end":{"line":114,"column":65}},"40":{"start":{"line":114,"column":33},"end":{"line":114,"column":64}},"41":{"start":{"line":116,"column":2},"end":{"line":122,"column":null}},"42":{"start":{"line":116,"column":46},"end":{"line":116,"column":57}},"43":{"start":{"line":117,"column":4},"end":{"line":121,"column":7}},"44":{"start":{"line":118,"column":6},"end":{"line":120,"column":null}},"45":{"start":{"line":119,"column":8},"end":{"line":119,"column":27}},"46":{"start":{"line":124,"column":2},"end":{"line":124,"column":54}},"47":{"start":{"line":125,"column":2},"end":{"line":125,"column":19}},"48":{"start":{"line":104,"column":13},"end":{"line":104,"column":28}},"49":{"start":{"line":128,"column":29},"end":{"line":195,"column":1}},"50":{"start":{"line":134,"column":25},"end":{"line":134,"column":72}},"51":{"start":{"line":134,"column":60},"end":{"line":134,"column":72}},"52":{"start":{"line":135,"column":2},"end":{"line":139,"column":null}},"53":{"start":{"line":136,"column":4},"end":{"line":138,"column":6}},"54":{"start":{"line":140,"column":2},"end":{"line":149,"column":null}},"55":{"start":{"line":141,"column":4},"end":{"line":148,"column":6}},"56":{"start":{"line":150,"column":2},"end":{"line":153,"column":null}},"57":{"start":{"line":150,"column":55},"end":{"line":150,"column":66}},"58":{"start":{"line":151,"column":4},"end":{"line":151,"column":66}},"59":{"start":{"line":152,"column":4},"end":{"line":152,"column":28}},"60":{"start":{"line":154,"column":24},"end":{"line":154,"column":40}},"61":{"start":{"line":155,"column":2},"end":{"line":194,"column":null}},"62":{"start":{"line":156,"column":4},"end":{"line":163,"column":7}},"63":{"start":{"line":165,"column":31},"end":{"line":179,"column":8}},"64":{"start":{"line":168,"column":10},"end":{"line":169,"column":null}},"65":{"start":{"line":172,"column":19},"end":{"line":172,"column":62}},"66":{"start":{"line":173,"column":19},"end":{"line":173,"column":62}},"67":{"start":{"line":175,"column":8},"end":{"line":175,"column":31}},"68":{"start":{"line":175,"column":21},"end":{"line":175,"column":31}},"69":{"start":{"line":176,"column":8},"end":{"line":176,"column":30}},"70":{"start":{"line":176,"column":21},"end":{"line":176,"column":30}},"71":{"start":{"line":178,"column":8},"end":{"line":178,"column":17}},"72":{"start":{"line":181,"column":4},"end":{"line":185,"column":null}},"73":{"start":{"line":182,"column":6},"end":{"line":184,"column":8}},"74":{"start":{"line":186,"column":4},"end":{"line":186,"column":74}},"75":{"start":{"line":187,"column":4},"end":{"line":192,"column":7}},"76":{"start":{"line":193,"column":4},"end":{"line":193,"column":25}},"77":{"start":{"line":128,"column":13},"end":{"line":128,"column":29}},"78":{"start":{"line":197,"column":25},"end":{"line":234,"column":1}},"79":{"start":{"line":202,"column":2},"end":{"line":204,"column":null}},"80":{"start":{"line":203,"column":4},"end":{"line":203,"column":66}},"81":{"start":{"line":205,"column":24},"end":{"line":205,"column":40}},"82":{"start":{"line":206,"column":26},"end":{"line":207,"column":null}},"83":{"start":{"line":207,"column":29},"end":{"line":207,"column":null}},"84":{"start":{"line":210,"column":2},"end":{"line":214,"column":null}},"85":{"start":{"line":211,"column":4},"end":{"line":213,"column":6}},"86":{"start":{"line":215,"column":30},"end":{"line":215,"column":60}},"87":{"start":{"line":217,"column":2},"end":{"line":221,"column":null}},"88":{"start":{"line":218,"column":4},"end":{"line":220,"column":6}},"89":{"start":{"line":222,"column":22},"end":{"line":223,"column":null}},"90":{"start":{"line":223,"column":19},"end":{"line":223,"column":null}},"91":{"start":{"line":226,"column":2},"end":{"line":230,"column":null}},"92":{"start":{"line":227,"column":4},"end":{"line":229,"column":6}},"93":{"start":{"line":231,"column":2},"end":{"line":231,"column":55}},"94":{"start":{"line":232,"column":2},"end":{"line":232,"column":55}},"95":{"start":{"line":233,"column":2},"end":{"line":233,"column":23}},"96":{"start":{"line":197,"column":13},"end":{"line":197,"column":25}},"97":{"start":{"line":236,"column":26},"end":{"line":287,"column":1}},"98":{"start":{"line":242,"column":22},"end":{"line":242,"column":62}},"99":{"start":{"line":243,"column":2},"end":{"line":285,"column":4}},"100":{"start":{"line":245,"column":37},"end":{"line":246,"column":null}},"101":{"start":{"line":246,"column":35},"end":{"line":246,"column":null}},"102":{"start":{"line":249,"column":6},"end":{"line":253,"column":null}},"103":{"start":{"line":250,"column":8},"end":{"line":252,"column":10}},"104":{"start":{"line":255,"column":6},"end":{"line":258,"column":null}},"105":{"start":{"line":256,"column":8},"end":{"line":256,"column":56}},"106":{"start":{"line":257,"column":8},"end":{"line":257,"column":15}},"107":{"start":{"line":260,"column":23},"end":{"line":261,"column":null}},"108":{"start":{"line":261,"column":26},"end":{"line":261,"column":null}},"109":{"start":{"line":263,"column":6},"end":{"line":267,"column":null}},"110":{"start":{"line":264,"column":8},"end":{"line":266,"column":10}},"111":{"start":{"line":268,"column":24},"end":{"line":269,"column":null}},"112":{"start":{"line":269,"column":27},"end":{"line":269,"column":null}},"113":{"start":{"line":271,"column":6},"end":{"line":275,"column":null}},"114":{"start":{"line":272,"column":8},"end":{"line":274,"column":10}},"115":{"start":{"line":277,"column":6},"end":{"line":283,"column":null}},"116":{"start":{"line":279,"column":8},"end":{"line":279,"column":65}},"117":{"start":{"line":282,"column":8},"end":{"line":282,"column":73}},"118":{"start":{"line":286,"column":2},"end":{"line":286,"column":23}},"119":{"start":{"line":236,"column":13},"end":{"line":236,"column":26}},"120":{"start":{"line":289,"column":25},"end":{"line":323,"column":1}},"121":{"start":{"line":296,"column":18},"end":{"line":296,"column":50}},"122":{"start":{"line":297,"column":2},"end":{"line":321,"column":5}},"123":{"start":{"line":298,"column":23},"end":{"line":298,"column":62}},"124":{"start":{"line":298,"column":50},"end":{"line":298,"column":62}},"125":{"start":{"line":299,"column":4},"end":{"line":301,"column":null}},"126":{"start":{"line":300,"column":6},"end":{"line":300,"column":69}},"127":{"start":{"line":302,"column":32},"end":{"line":309,"column":8}},"128":{"start":{"line":303,"column":35},"end":{"line":303,"column":47}},"129":{"start":{"line":305,"column":8},"end":{"line":305,"column":51}},"130":{"start":{"line":305,"column":41},"end":{"line":305,"column":51}},"131":{"start":{"line":306,"column":8},"end":{"line":306,"column":50}},"132":{"start":{"line":306,"column":41},"end":{"line":306,"column":50}},"133":{"start":{"line":308,"column":8},"end":{"line":308,"column":17}},"134":{"start":{"line":311,"column":6},"end":{"line":311,"column":77}},"135":{"start":{"line":313,"column":4},"end":{"line":320,"column":7}},"136":{"start":{"line":322,"column":2},"end":{"line":322,"column":19}},"137":{"start":{"line":289,"column":13},"end":{"line":289,"column":25}},"138":{"start":{"line":325,"column":28},"end":{"line":347,"column":1}},"139":{"start":{"line":331,"column":2},"end":{"line":333,"column":null}},"140":{"start":{"line":332,"column":4},"end":{"line":332,"column":71}},"141":{"start":{"line":334,"column":2},"end":{"line":336,"column":null}},"142":{"start":{"line":335,"column":4},"end":{"line":335,"column":71}},"143":{"start":{"line":337,"column":2},"end":{"line":339,"column":null}},"144":{"start":{"line":338,"column":4},"end":{"line":338,"column":57}},"145":{"start":{"line":341,"column":36},"end":{"line":341,"column":48}},"146":{"start":{"line":342,"column":2},"end":{"line":342,"column":63}},"147":{"start":{"line":342,"column":41},"end":{"line":342,"column":62}},"148":{"start":{"line":344,"column":2},"end":{"line":344,"column":65}},"149":{"start":{"line":344,"column":33},"end":{"line":344,"column":64}},"150":{"start":{"line":346,"column":2},"end":{"line":346,"column":19}},"151":{"start":{"line":325,"column":13},"end":{"line":325,"column":28}},"152":{"start":{"line":349,"column":28},"end":{"line":381,"column":1}},"153":{"start":{"line":354,"column":21},"end":{"line":354,"column":59}},"154":{"start":{"line":356,"column":2},"end":{"line":379,"column":5}},"155":{"start":{"line":357,"column":21},"end":{"line":357,"column":79}},"156":{"start":{"line":357,"column":54},"end":{"line":357,"column":79}},"157":{"start":{"line":358,"column":4},"end":{"line":362,"column":null}},"158":{"start":{"line":359,"column":6},"end":{"line":361,"column":8}},"159":{"start":{"line":364,"column":35},"end":{"line":365,"column":null}},"160":{"start":{"line":365,"column":30},"end":{"line":365,"column":null}},"161":{"start":{"line":367,"column":4},"end":{"line":378,"column":null}},"162":{"start":{"line":369,"column":6},"end":{"line":373,"column":9}},"163":{"start":{"line":376,"column":6},"end":{"line":377,"column":69}},"164":{"start":{"line":380,"column":2},"end":{"line":380,"column":22}},"165":{"start":{"line":349,"column":13},"end":{"line":349,"column":28}}},"fnMap":{"0":{"name":"(anonymous_2)","decl":{"start":{"line":19,"column":23},"end":{"line":19,"column":null}},"loc":{"start":{"line":23,"column":16},"end":{"line":56,"column":1}}},"1":{"name":"(anonymous_3)","decl":{"start":{"line":25,"column":35},"end":{"line":25,"column":36}},"loc":{"start":{"line":25,"column":44},"end":{"line":25,"column":50}}},"2":{"name":"(anonymous_4)","decl":{"start":{"line":41,"column":4},"end":{"line":41,"column":5}},"loc":{"start":{"line":41,"column":19},"end":{"line":41,"column":25}}},"3":{"name":"(anonymous_5)","decl":{"start":{"line":59,"column":19},"end":{"line":59,"column":20}},"loc":{"start":{"line":59,"column":33},"end":{"line":61,"column":1}}},"4":{"name":"(anonymous_6)","decl":{"start":{"line":63,"column":17},"end":{"line":63,"column":18}},"loc":{"start":{"line":63,"column":31},"end":{"line":65,"column":1}}},"5":{"name":"(anonymous_7)","decl":{"start":{"line":67,"column":34},"end":{"line":67,"column":null}},"loc":{"start":{"line":69,"column":18},"end":{"line":83,"column":1}}},"6":{"name":"(anonymous_8)","decl":{"start":{"line":77,"column":18},"end":{"line":77,"column":19}},"loc":{"start":{"line":77,"column":28},"end":{"line":77,"column":34}}},"7":{"name":"(anonymous_9)","decl":{"start":{"line":85,"column":35},"end":{"line":85,"column":null}},"loc":{"start":{"line":88,"column":13},"end":{"line":103,"column":1}}},"8":{"name":"(anonymous_10)","decl":{"start":{"line":90,"column":48},"end":{"line":90,"column":49}},"loc":{"start":{"line":90,"column":63},"end":{"line":90,"column":69}}},"9":{"name":"(anonymous_11)","decl":{"start":{"line":92,"column":4},"end":{"line":92,"column":5}},"loc":{"start":{"line":92,"column":19},"end":{"line":92,"column":25}}},"10":{"name":"(anonymous_12)","decl":{"start":{"line":104,"column":28},"end":{"line":104,"column":null}},"loc":{"start":{"line":107,"column":13},"end":{"line":126,"column":1}}},"11":{"name":"(anonymous_13)","decl":{"start":{"line":114,"column":18},"end":{"line":114,"column":19}},"loc":{"start":{"line":114,"column":28},"end":{"line":114,"column":34}}},"12":{"name":"(anonymous_14)","decl":{"start":{"line":116,"column":26},"end":{"line":116,"column":27}},"loc":{"start":{"line":116,"column":41},"end":{"line":116,"column":47}}},"13":{"name":"(anonymous_15)","decl":{"start":{"line":117,"column":22},"end":{"line":117,"column":23}},"loc":{"start":{"line":117,"column":48},"end":{"line":121,"column":5}}},"14":{"name":"(anonymous_16)","decl":{"start":{"line":128,"column":29},"end":{"line":128,"column":null}},"loc":{"start":{"line":132,"column":16},"end":{"line":195,"column":1}}},"15":{"name":"(anonymous_17)","decl":{"start":{"line":134,"column":41},"end":{"line":134,"column":42}},"loc":{"start":{"line":134,"column":55},"end":{"line":134,"column":61}}},"16":{"name":"(anonymous_18)","decl":{"start":{"line":150,"column":30},"end":{"line":150,"column":31}},"loc":{"start":{"line":150,"column":50},"end":{"line":150,"column":56}}},"17":{"name":"(anonymous_19)","decl":{"start":{"line":167,"column":8},"end":{"line":167,"column":9}},"loc":{"start":{"line":167,"column":28},"end":{"line":168,"column":11}}},"18":{"name":"(anonymous_20)","decl":{"start":{"line":171,"column":12},"end":{"line":171,"column":22}},"loc":{"start":{"line":171,"column":32},"end":{"line":179,"column":7}}},"19":{"name":"(anonymous_21)","decl":{"start":{"line":197,"column":25},"end":{"line":197,"column":null}},"loc":{"start":{"line":200,"column":17},"end":{"line":234,"column":1}}},"20":{"name":"(anonymous_22)","decl":{"start":{"line":207,"column":4},"end":{"line":207,"column":5}},"loc":{"start":{"line":207,"column":24},"end":{"line":207,"column":30}}},"21":{"name":"(anonymous_23)","decl":{"start":{"line":223,"column":4},"end":{"line":223,"column":5}},"loc":{"start":{"line":223,"column":14},"end":{"line":223,"column":20}}},"22":{"name":"(anonymous_24)","decl":{"start":{"line":236,"column":26},"end":{"line":236,"column":null}},"loc":{"start":{"line":240,"column":65},"end":{"line":287,"column":1}}},"23":{"name":"(anonymous_25)","decl":{"start":{"line":244,"column":4},"end":{"line":244,"column":5}},"loc":{"start":{"line":244,"column":57},"end":{"line":284,"column":5}}},"24":{"name":"(anonymous_26)","decl":{"start":{"line":246,"column":8},"end":{"line":246,"column":9}},"loc":{"start":{"line":246,"column":30},"end":{"line":246,"column":36}}},"25":{"name":"(anonymous_27)","decl":{"start":{"line":261,"column":8},"end":{"line":261,"column":9}},"loc":{"start":{"line":261,"column":21},"end":{"line":261,"column":27}}},"26":{"name":"(anonymous_28)","decl":{"start":{"line":269,"column":8},"end":{"line":269,"column":9}},"loc":{"start":{"line":269,"column":22},"end":{"line":269,"column":28}}},"27":{"name":"(anonymous_29)","decl":{"start":{"line":289,"column":25},"end":{"line":289,"column":null}},"loc":{"start":{"line":293,"column":16},"end":{"line":323,"column":1}}},"28":{"name":"(anonymous_30)","decl":{"start":{"line":297,"column":14},"end":{"line":297,"column":15}},"loc":{"start":{"line":297,"column":25},"end":{"line":321,"column":3}}},"29":{"name":"(anonymous_31)","decl":{"start":{"line":298,"column":35},"end":{"line":298,"column":36}},"loc":{"start":{"line":298,"column":45},"end":{"line":298,"column":51}}},"30":{"name":"(anonymous_32)","decl":{"start":{"line":303,"column":14},"end":{"line":303,"column":15}},"loc":{"start":{"line":303,"column":30},"end":{"line":303,"column":36}}},"31":{"name":"(anonymous_33)","decl":{"start":{"line":304,"column":12},"end":{"line":304,"column":22}},"loc":{"start":{"line":304,"column":32},"end":{"line":309,"column":7}}},"32":{"name":"(anonymous_34)","decl":{"start":{"line":325,"column":28},"end":{"line":325,"column":null}},"loc":{"start":{"line":328,"column":13},"end":{"line":347,"column":1}}},"33":{"name":"(anonymous_35)","decl":{"start":{"line":342,"column":20},"end":{"line":342,"column":21}},"loc":{"start":{"line":342,"column":36},"end":{"line":342,"column":42}}},"34":{"name":"(anonymous_36)","decl":{"start":{"line":344,"column":18},"end":{"line":344,"column":19}},"loc":{"start":{"line":344,"column":28},"end":{"line":344,"column":34}}},"35":{"name":"(anonymous_37)","decl":{"start":{"line":349,"column":28},"end":{"line":349,"column":null}},"loc":{"start":{"line":352,"column":60},"end":{"line":381,"column":1}}},"36":{"name":"(anonymous_38)","decl":{"start":{"line":356,"column":24},"end":{"line":356,"column":25}},"loc":{"start":{"line":356,"column":71},"end":{"line":379,"column":3}}},"37":{"name":"(anonymous_39)","decl":{"start":{"line":357,"column":36},"end":{"line":357,"column":37}},"loc":{"start":{"line":357,"column":49},"end":{"line":357,"column":55}}},"38":{"name":"(anonymous_40)","decl":{"start":{"line":365,"column":6},"end":{"line":365,"column":7}},"loc":{"start":{"line":365,"column":25},"end":{"line":365,"column":31}}}},"branchMap":{"0":{"loc":{"start":{"line":26,"column":2},"end":{"line":28,"column":null}},"type":"if","locations":[{"start":{"line":26,"column":2},"end":{"line":28,"column":null}}]},"1":{"loc":{"start":{"line":29,"column":2},"end":{"line":38,"column":null}},"type":"if","locations":[{"start":{"line":29,"column":2},"end":{"line":38,"column":null}}]},"2":{"loc":{"start":{"line":35,"column":20},"end":{"line":35,"column":44}},"type":"cond-expr","locations":[{"start":{"line":35,"column":30},"end":{"line":35,"column":37}},{"start":{"line":35,"column":40},"end":{"line":35,"column":44}}]},"3":{"loc":{"start":{"line":43,"column":2},"end":{"line":46,"column":null}},"type":"if","locations":[{"start":{"line":43,"column":2},"end":{"line":46,"column":null}}]},"4":{"loc":{"start":{"line":53,"column":18},"end":{"line":53,"column":42}},"type":"cond-expr","locations":[{"start":{"line":53,"column":28},"end":{"line":53,"column":35}},{"start":{"line":53,"column":38},"end":{"line":53,"column":42}}]},"5":{"loc":{"start":{"line":71,"column":2},"end":{"line":73,"column":null}},"type":"if","locations":[{"start":{"line":71,"column":2},"end":{"line":73,"column":null}}]},"6":{"loc":{"start":{"line":71,"column":6},"end":{"line":71,"column":46}},"type":"binary-expr","locations":[{"start":{"line":71,"column":6},"end":{"line":71,"column":19}},{"start":{"line":71,"column":23},"end":{"line":71,"column":46}}]},"7":{"loc":{"start":{"line":74,"column":2},"end":{"line":76,"column":null}},"type":"if","locations":[{"start":{"line":74,"column":2},"end":{"line":76,"column":null}}]},"8":{"loc":{"start":{"line":77,"column":2},"end":{"line":81,"column":null}},"type":"if","locations":[{"start":{"line":77,"column":2},"end":{"line":81,"column":null}}]},"9":{"loc":{"start":{"line":94,"column":2},"end":{"line":96,"column":null}},"type":"if","locations":[{"start":{"line":94,"column":2},"end":{"line":96,"column":null}}]},"10":{"loc":{"start":{"line":94,"column":6},"end":{"line":94,"column":62}},"type":"binary-expr","locations":[{"start":{"line":94,"column":6},"end":{"line":94,"column":23}},{"start":{"line":94,"column":27},"end":{"line":94,"column":62}}]},"11":{"loc":{"start":{"line":98,"column":2},"end":{"line":102,"column":null}},"type":"if","locations":[{"start":{"line":98,"column":2},"end":{"line":102,"column":null}}]},"12":{"loc":{"start":{"line":118,"column":6},"end":{"line":120,"column":null}},"type":"if","locations":[{"start":{"line":118,"column":6},"end":{"line":120,"column":null}}]},"13":{"loc":{"start":{"line":118,"column":10},"end":{"line":118,"column":48}},"type":"binary-expr","locations":[{"start":{"line":118,"column":10},"end":{"line":118,"column":20}},{"start":{"line":118,"column":24},"end":{"line":118,"column":48}}]},"14":{"loc":{"start":{"line":135,"column":2},"end":{"line":139,"column":null}},"type":"if","locations":[{"start":{"line":135,"column":2},"end":{"line":139,"column":null}}]},"15":{"loc":{"start":{"line":140,"column":2},"end":{"line":149,"column":null}},"type":"if","locations":[{"start":{"line":140,"column":2},"end":{"line":149,"column":null}}]},"16":{"loc":{"start":{"line":146,"column":20},"end":{"line":146,"column":44}},"type":"cond-expr","locations":[{"start":{"line":146,"column":30},"end":{"line":146,"column":37}},{"start":{"line":146,"column":40},"end":{"line":146,"column":44}}]},"17":{"loc":{"start":{"line":150,"column":2},"end":{"line":153,"column":null}},"type":"if","locations":[{"start":{"line":150,"column":2},"end":{"line":153,"column":null}}]},"18":{"loc":{"start":{"line":155,"column":2},"end":{"line":194,"column":null}},"type":"if","locations":[{"start":{"line":155,"column":2},"end":{"line":194,"column":null}},{"start":{"line":164,"column":9},"end":{"line":194,"column":null}}]},"19":{"loc":{"start":{"line":161,"column":20},"end":{"line":161,"column":44}},"type":"cond-expr","locations":[{"start":{"line":161,"column":30},"end":{"line":161,"column":37}},{"start":{"line":161,"column":40},"end":{"line":161,"column":44}}]},"20":{"loc":{"start":{"line":168,"column":10},"end":{"line":169,"column":65}},"type":"binary-expr","locations":[{"start":{"line":168,"column":10},"end":{"line":168,"column":22}},{"start":{"line":169,"column":10},"end":{"line":169,"column":65}}]},"21":{"loc":{"start":{"line":175,"column":8},"end":{"line":175,"column":31}},"type":"if","locations":[{"start":{"line":175,"column":8},"end":{"line":175,"column":31}}]},"22":{"loc":{"start":{"line":176,"column":8},"end":{"line":176,"column":30}},"type":"if","locations":[{"start":{"line":176,"column":8},"end":{"line":176,"column":30}}]},"23":{"loc":{"start":{"line":181,"column":4},"end":{"line":185,"column":null}},"type":"if","locations":[{"start":{"line":181,"column":4},"end":{"line":185,"column":null}}]},"24":{"loc":{"start":{"line":191,"column":18},"end":{"line":191,"column":42}},"type":"cond-expr","locations":[{"start":{"line":191,"column":28},"end":{"line":191,"column":35}},{"start":{"line":191,"column":38},"end":{"line":191,"column":42}}]},"25":{"loc":{"start":{"line":202,"column":2},"end":{"line":204,"column":null}},"type":"if","locations":[{"start":{"line":202,"column":2},"end":{"line":204,"column":null}}]},"26":{"loc":{"start":{"line":202,"column":6},"end":{"line":202,"column":54}},"type":"binary-expr","locations":[{"start":{"line":202,"column":6},"end":{"line":202,"column":23}},{"start":{"line":202,"column":27},"end":{"line":202,"column":54}}]},"27":{"loc":{"start":{"line":210,"column":2},"end":{"line":214,"column":null}},"type":"if","locations":[{"start":{"line":210,"column":2},"end":{"line":214,"column":null}}]},"28":{"loc":{"start":{"line":217,"column":2},"end":{"line":221,"column":null}},"type":"if","locations":[{"start":{"line":217,"column":2},"end":{"line":221,"column":null}}]},"29":{"loc":{"start":{"line":217,"column":6},"end":{"line":217,"column":76}},"type":"binary-expr","locations":[{"start":{"line":217,"column":6},"end":{"line":217,"column":34}},{"start":{"line":217,"column":38},"end":{"line":217,"column":76}}]},"30":{"loc":{"start":{"line":226,"column":2},"end":{"line":230,"column":null}},"type":"if","locations":[{"start":{"line":226,"column":2},"end":{"line":230,"column":null}}]},"31":{"loc":{"start":{"line":242,"column":22},"end":{"line":242,"column":62}},"type":"cond-expr","locations":[{"start":{"line":242,"column":41},"end":{"line":242,"column":57}},{"start":{"line":242,"column":60},"end":{"line":242,"column":62}}]},"32":{"loc":{"start":{"line":245,"column":37},"end":{"line":246,"column":null}},"type":"cond-expr","locations":[{"start":{"line":245,"column":50},"end":{"line":245,"column":52}},{"start":{"line":245,"column":37},"end":{"line":246,"column":null}}]},"33":{"loc":{"start":{"line":245,"column":37},"end":{"line":245,"column":52}},"type":"binary-expr","locations":[{"start":{"line":245,"column":37},"end":{"line":245,"column":52}},{"start":{"line":245,"column":37},"end":{"line":245,"column":52}}]},"34":{"loc":{"start":{"line":249,"column":6},"end":{"line":253,"column":null}},"type":"if","locations":[{"start":{"line":249,"column":6},"end":{"line":253,"column":null}}]},"35":{"loc":{"start":{"line":249,"column":10},"end":{"line":249,"column":67}},"type":"binary-expr","locations":[{"start":{"line":249,"column":10},"end":{"line":249,"column":34}},{"start":{"line":249,"column":38},"end":{"line":249,"column":67}}]},"36":{"loc":{"start":{"line":255,"column":6},"end":{"line":258,"column":null}},"type":"if","locations":[{"start":{"line":255,"column":6},"end":{"line":258,"column":null}}]},"37":{"loc":{"start":{"line":255,"column":10},"end":{"line":255,"column":65}},"type":"binary-expr","locations":[{"start":{"line":255,"column":10},"end":{"line":255,"column":34}},{"start":{"line":255,"column":38},"end":{"line":255,"column":65}}]},"38":{"loc":{"start":{"line":263,"column":6},"end":{"line":267,"column":null}},"type":"if","locations":[{"start":{"line":263,"column":6},"end":{"line":267,"column":null}}]},"39":{"loc":{"start":{"line":271,"column":6},"end":{"line":275,"column":null}},"type":"if","locations":[{"start":{"line":271,"column":6},"end":{"line":275,"column":null}}]},"40":{"loc":{"start":{"line":277,"column":6},"end":{"line":283,"column":null}},"type":"if","locations":[{"start":{"line":277,"column":6},"end":{"line":283,"column":null}},{"start":{"line":280,"column":13},"end":{"line":283,"column":null}}]},"41":{"loc":{"start":{"line":296,"column":18},"end":{"line":296,"column":50}},"type":"cond-expr","locations":[{"start":{"line":296,"column":33},"end":{"line":296,"column":45}},{"start":{"line":296,"column":48},"end":{"line":296,"column":50}}]},"42":{"loc":{"start":{"line":299,"column":4},"end":{"line":301,"column":null}},"type":"if","locations":[{"start":{"line":299,"column":4},"end":{"line":301,"column":null}}]},"43":{"loc":{"start":{"line":305,"column":8},"end":{"line":305,"column":51}},"type":"if","locations":[{"start":{"line":305,"column":8},"end":{"line":305,"column":51}}]},"44":{"loc":{"start":{"line":306,"column":8},"end":{"line":306,"column":50}},"type":"if","locations":[{"start":{"line":306,"column":8},"end":{"line":306,"column":50}}]},"45":{"loc":{"start":{"line":311,"column":6},"end":{"line":311,"column":77}},"type":"cond-expr","locations":[{"start":{"line":311,"column":39},"end":{"line":311,"column":40}},{"start":{"line":311,"column":43},"end":{"line":311,"column":77}}]},"46":{"loc":{"start":{"line":317,"column":18},"end":{"line":317,"column":52}},"type":"cond-expr","locations":[{"start":{"line":317,"column":28},"end":{"line":317,"column":45}},{"start":{"line":317,"column":48},"end":{"line":317,"column":52}}]},"47":{"loc":{"start":{"line":331,"column":2},"end":{"line":333,"column":null}},"type":"if","locations":[{"start":{"line":331,"column":2},"end":{"line":333,"column":null}}]},"48":{"loc":{"start":{"line":331,"column":6},"end":{"line":331,"column":48}},"type":"binary-expr","locations":[{"start":{"line":331,"column":6},"end":{"line":331,"column":19}},{"start":{"line":331,"column":23},"end":{"line":331,"column":48}}]},"49":{"loc":{"start":{"line":334,"column":2},"end":{"line":336,"column":null}},"type":"if","locations":[{"start":{"line":334,"column":2},"end":{"line":336,"column":null}}]},"50":{"loc":{"start":{"line":337,"column":2},"end":{"line":339,"column":null}},"type":"if","locations":[{"start":{"line":337,"column":2},"end":{"line":339,"column":null}}]},"51":{"loc":{"start":{"line":354,"column":21},"end":{"line":354,"column":59}},"type":"cond-expr","locations":[{"start":{"line":354,"column":39},"end":{"line":354,"column":54}},{"start":{"line":354,"column":57},"end":{"line":354,"column":59}}]},"52":{"loc":{"start":{"line":358,"column":4},"end":{"line":362,"column":null}},"type":"if","locations":[{"start":{"line":358,"column":4},"end":{"line":362,"column":null}}]},"53":{"loc":{"start":{"line":364,"column":35},"end":{"line":365,"column":null}},"type":"cond-expr","locations":[{"start":{"line":364,"column":47},"end":{"line":364,"column":49}},{"start":{"line":364,"column":35},"end":{"line":365,"column":null}}]},"54":{"loc":{"start":{"line":364,"column":35},"end":{"line":364,"column":49}},"type":"binary-expr","locations":[{"start":{"line":364,"column":35},"end":{"line":364,"column":49}},{"start":{"line":364,"column":35},"end":{"line":364,"column":49}}]},"55":{"loc":{"start":{"line":367,"column":4},"end":{"line":378,"column":null}},"type":"if","locations":[{"start":{"line":367,"column":4},"end":{"line":378,"column":null}},{"start":{"line":374,"column":11},"end":{"line":378,"column":null}}]}},"s":{"0":10,"1":10,"2":24,"3":33,"4":24,"5":1,"6":23,"7":1,"8":22,"9":11,"10":22,"11":3,"12":3,"13":19,"14":10,"15":10,"16":49,"17":10,"18":49,"19":10,"20":20,"21":1,"22":19,"23":1,"24":18,"25":21,"26":1,"27":17,"28":10,"29":17,"30":25,"31":17,"32":19,"33":17,"34":1,"35":16,"36":1,"37":10,"38":20,"39":17,"40":19,"41":17,"42":31,"43":2,"44":6,"45":3,"46":17,"47":15,"48":10,"49":10,"50":19,"51":24,"52":19,"53":1,"54":18,"55":1,"56":17,"57":16,"58":3,"59":3,"60":14,"61":14,"62":12,"63":2,"64":10,"65":8,"66":8,"67":8,"68":3,"69":5,"70":0,"71":5,"72":2,"73":1,"74":1,"75":1,"76":1,"77":10,"78":10,"79":36,"80":1,"81":35,"82":35,"83":39,"84":35,"85":1,"86":34,"87":34,"88":1,"89":33,"90":69,"91":33,"92":1,"93":32,"94":32,"95":32,"96":10,"97":10,"98":29,"99":29,"100":40,"101":25,"102":40,"103":1,"104":39,"105":10,"106":10,"107":29,"108":173,"109":29,"110":1,"111":28,"112":73,"113":28,"114":1,"115":27,"116":21,"117":6,"118":26,"119":10,"120":10,"121":25,"122":25,"123":122,"124":1119,"125":122,"126":1,"127":121,"128":621,"129":56,"130":56,"131":0,"132":0,"133":0,"134":121,"135":121,"136":24,"137":10,"138":10,"139":18,"140":1,"141":17,"142":1,"143":16,"144":1,"145":15,"146":15,"147":106,"148":15,"149":71,"150":15,"151":10,"152":10,"153":16,"154":16,"155":43,"156":337,"157":43,"158":1,"159":42,"160":50,"161":42,"162":35,"163":7,"164":15,"165":10},"f":{"0":24,"1":33,"2":11,"3":49,"4":49,"5":20,"6":21,"7":17,"8":25,"9":19,"10":20,"11":19,"12":31,"13":6,"14":19,"15":24,"16":16,"17":10,"18":8,"19":36,"20":39,"21":69,"22":29,"23":40,"24":25,"25":173,"26":73,"27":25,"28":122,"29":1119,"30":621,"31":56,"32":18,"33":106,"34":71,"35":16,"36":43,"37":337,"38":50},"b":{"0":[1],"1":[1],"2":[0,1],"3":[3],"4":[1,18],"5":[1],"6":[20,20],"7":[1],"8":[1],"9":[1],"10":[17,16],"11":[1],"12":[3],"13":[6,5],"14":[1],"15":[1],"16":[0,1],"17":[3],"18":[12,2],"19":[0,12],"20":[10,10],"21":[3],"22":[0],"23":[1],"24":[0,1],"25":[1],"26":[36,35],"27":[1],"28":[1],"29":[34,33],"30":[1],"31":[28,1],"32":[0,40],"33":[40,40],"34":[1],"35":[40,11],"36":[10],"37":[39,10],"38":[1],"39":[1],"40":[21,6],"41":[22,3],"42":[1],"43":[56],"44":[0],"45":[56,65],"46":[2,119],"47":[1],"48":[18,17],"49":[1],"50":[1],"51":[14,2],"52":[1],"53":[0,42],"54":[42,42],"55":[35,7]}}
,"/Users/inga/Desktop/game-card/api/engine/engine.ts": {"path":"/Users/inga/Desktop/game-card/api/engine/engine.ts","statementMap":{"0":{"start":{"line":2,"column":0},"end":{"line":2,"column":68}},"1":{"start":{"line":3,"column":0},"end":{"line":3,"column":null}},"2":{"start":{"line":12,"column":0},"end":{"line":12,"column":null}},"3":{"start":{"line":27,"column":19},"end":{"line":36,"column":2}},"4":{"start":{"line":38,"column":26},"end":{"line":53,"column":2}},"5":{"start":{"line":40,"column":14},"end":{"line":53,"column":2}},"6":{"start":{"line":42,"column":31},"end":{"line":42,"column":null}},"7":{"start":{"line":42,"column":8},"end":{"line":42,"column":null}},"8":{"start":{"line":44,"column":8},"end":{"line":51,"column":5}},"9":{"start":{"line":45,"column":15},"end":{"line":45,"column":37}},"10":{"start":{"line":46,"column":13},"end":{"line":46,"column":35}},"11":{"start":{"line":48,"column":4},"end":{"line":48,"column":31}},"12":{"start":{"line":48,"column":21},"end":{"line":48,"column":31}},"13":{"start":{"line":49,"column":4},"end":{"line":49,"column":30}},"14":{"start":{"line":49,"column":21},"end":{"line":49,"column":30}},"15":{"start":{"line":50,"column":4},"end":{"line":50,"column":13}},"16":{"start":{"line":52,"column":2},"end":{"line":52,"column":13}},"17":{"start":{"line":38,"column":13},"end":{"line":38,"column":26}},"18":{"start":{"line":55,"column":23},"end":{"line":64,"column":2}},"19":{"start":{"line":56,"column":17},"end":{"line":56,"column":null}},"20":{"start":{"line":56,"column":8},"end":{"line":56,"column":null}},"21":{"start":{"line":57,"column":21},"end":{"line":57,"column":null}},"22":{"start":{"line":57,"column":8},"end":{"line":57,"column":null}},"23":{"start":{"line":58,"column":21},"end":{"line":58,"column":null}},"24":{"start":{"line":58,"column":8},"end":{"line":58,"column":null}},"25":{"start":{"line":59,"column":20},"end":{"line":59,"column":null}},"26":{"start":{"line":59,"column":8},"end":{"line":59,"column":null}},"27":{"start":{"line":60,"column":17},"end":{"line":60,"column":null}},"28":{"start":{"line":60,"column":8},"end":{"line":60,"column":null}},"29":{"start":{"line":61,"column":20},"end":{"line":61,"column":null}},"30":{"start":{"line":61,"column":8},"end":{"line":61,"column":null}},"31":{"start":{"line":63,"column":2},"end":{"line":63,"column":74}},"32":{"start":{"line":66,"column":31},"end":{"line":125,"column":2}},"33":{"start":{"line":68,"column":14},"end":{"line":125,"column":2}},"34":{"start":{"line":70,"column":6},"end":{"line":78,"column":4}},"35":{"start":{"line":79,"column":19},"end":{"line":79,"column":null}},"36":{"start":{"line":79,"column":8},"end":{"line":79,"column":null}},"37":{"start":{"line":80,"column":15},"end":{"line":80,"column":null}},"38":{"start":{"line":80,"column":6},"end":{"line":80,"column":null}},"39":{"start":{"line":81,"column":6},"end":{"line":81,"column":12}},"40":{"start":{"line":82,"column":4},"end":{"line":82,"column":75}},"41":{"start":{"line":83,"column":4},"end":{"line":83,"column":53}},"42":{"start":{"line":84,"column":13},"end":{"line":84,"column":45}},"43":{"start":{"line":84,"column":4},"end":{"line":84,"column":45}},"44":{"start":{"line":88,"column":11},"end":{"line":88,"column":18}},"45":{"start":{"line":88,"column":18},"end":{"line":88,"column":37}},"46":{"start":{"line":88,"column":35},"end":{"line":88,"column":37}},"47":{"start":{"line":89,"column":12},"end":{"line":89,"column":null}},"48":{"start":{"line":90,"column":11},"end":{"line":90,"column":23}},"49":{"start":{"line":93,"column":11},"end":{"line":93,"column":27}},"50":{"start":{"line":100,"column":11},"end":{"line":100,"column":23}},"51":{"start":{"line":107,"column":11},"end":{"line":107,"column":23}},"52":{"start":{"line":114,"column":11},"end":{"line":114,"column":24}},"53":{"start":{"line":116,"column":11},"end":{"line":116,"column":21}},"54":{"start":{"line":118,"column":11},"end":{"line":118,"column":22}},"55":{"start":{"line":91,"column":17},"end":{"line":91,"column":68}},"56":{"start":{"line":91,"column":8},"end":{"line":91,"column":68}},"57":{"start":{"line":92,"column":8},"end":{"line":92,"column":14}},"58":{"start":{"line":94,"column":17},"end":{"line":98,"column":10}},"59":{"start":{"line":94,"column":8},"end":{"line":98,"column":10}},"60":{"start":{"line":99,"column":8},"end":{"line":99,"column":14}},"61":{"start":{"line":101,"column":17},"end":{"line":105,"column":10}},"62":{"start":{"line":101,"column":8},"end":{"line":105,"column":10}},"63":{"start":{"line":106,"column":8},"end":{"line":106,"column":14}},"64":{"start":{"line":108,"column":17},"end":{"line":112,"column":10}},"65":{"start":{"line":108,"column":8},"end":{"line":112,"column":10}},"66":{"start":{"line":113,"column":8},"end":{"line":113,"column":14}},"67":{"start":{"line":115,"column":8},"end":{"line":115,"column":14}},"68":{"start":{"line":117,"column":8},"end":{"line":117,"column":14}},"69":{"start":{"line":119,"column":8},"end":{"line":119,"column":14}},"70":{"start":{"line":121,"column":8},"end":{"line":121,"column":68}},"71":{"start":{"line":88,"column":37},"end":{"line":88,"column":null}},"72":{"start":{"line":124,"column":2},"end":{"line":124,"column":16}},"73":{"start":{"line":66,"column":13},"end":{"line":66,"column":31}}},"fnMap":{"0":{"name":"(anonymous_15)","decl":{"start":{"line":38,"column":26},"end":{"line":38,"column":null}},"loc":{"start":{"line":40,"column":14},"end":{"line":53,"column":2}}},"1":{"name":"(anonymous_16)","decl":{"start":{"line":40,"column":14},"end":{"line":40,"column":null}},"loc":{"start":{"line":40,"column":14},"end":{"line":53,"column":2}}},"2":{"name":"(anonymous_18)","decl":{"start":{"line":44,"column":26},"end":{"line":44,"column":36}},"loc":{"start":{"line":44,"column":40},"end":{"line":51,"column":3}}},"3":{"name":"(anonymous_19)","decl":{"start":{"line":55,"column":23},"end":{"line":55,"column":null}},"loc":{"start":{"line":55,"column":23},"end":{"line":64,"column":2}}},"4":{"name":"(anonymous_22)","decl":{"start":{"line":66,"column":31},"end":{"line":66,"column":null}},"loc":{"start":{"line":68,"column":14},"end":{"line":125,"column":2}}},"5":{"name":"(anonymous_23)","decl":{"start":{"line":68,"column":14},"end":{"line":68,"column":null}},"loc":{"start":{"line":68,"column":14},"end":{"line":125,"column":2}}}},"branchMap":{"0":{"loc":{"start":{"line":42,"column":31},"end":{"line":42,"column":null}},"type":"switch","locations":[{"start":{"line":42,"column":31},"end":{"line":42,"column":null}}]},"1":{"loc":{"start":{"line":48,"column":4},"end":{"line":48,"column":31}},"type":"if","locations":[{"start":{"line":48,"column":4},"end":{"line":48,"column":31}}]},"2":{"loc":{"start":{"line":49,"column":4},"end":{"line":49,"column":30}},"type":"if","locations":[{"start":{"line":49,"column":4},"end":{"line":49,"column":30}}]},"3":{"loc":{"start":{"line":56,"column":17},"end":{"line":56,"column":null}},"type":"switch","locations":[{"start":{"line":56,"column":17},"end":{"line":56,"column":null}}]},"4":{"loc":{"start":{"line":91,"column":17},"end":{"line":91,"column":68}},"type":"switch","locations":[{"start":{"line":91,"column":17},"end":{"line":91,"column":68}},{"start":{"line":94,"column":17},"end":{"line":98,"column":10}},{"start":{"line":101,"column":17},"end":{"line":105,"column":10}},{"start":{"line":108,"column":17},"end":{"line":112,"column":10}},{"start":{"line":115,"column":8},"end":{"line":115,"column":14}},{"start":{"line":117,"column":8},"end":{"line":117,"column":14}},{"start":{"line":119,"column":8},"end":{"line":119,"column":14}},{"start":{"line":121,"column":8},"end":{"line":121,"column":68}},{"start":{"line":124,"column":2},"end":{"line":124,"column":16}}]},"5":{"loc":{"start":{"line":81,"column":6},"end":{"line":81,"column":12}},"type":"if","locations":[{"start":{"line":81,"column":6},"end":{"line":81,"column":12}}]},"6":{"loc":{"start":{"line":88,"column":18},"end":{"line":88,"column":37}},"type":"if","locations":[{"start":{"line":88,"column":18},"end":{"line":88,"column":37}}]},"7":{"loc":{"start":{"line":90,"column":11},"end":{"line":90,"column":23}},"type":"switch","locations":[{"start":{"line":90,"column":11},"end":{"line":90,"column":23}},{"start":{"line":93,"column":11},"end":{"line":93,"column":27}},{"start":{"line":100,"column":11},"end":{"line":100,"column":23}},{"start":{"line":107,"column":11},"end":{"line":107,"column":23}},{"start":{"line":114,"column":11},"end":{"line":114,"column":24}},{"start":{"line":116,"column":11},"end":{"line":116,"column":21}},{"start":{"line":118,"column":11},"end":{"line":118,"column":22}}]}},"s":{"0":2,"1":2,"2":2,"3":2,"4":2,"5":11,"6":11,"7":11,"8":11,"9":22,"10":22,"11":22,"12":0,"13":22,"14":20,"15":2,"16":11,"17":2,"18":13,"19":11,"20":11,"21":11,"22":11,"23":11,"24":11,"25":11,"26":11,"27":11,"28":11,"29":11,"30":11,"31":11,"32":2,"33":11,"34":11,"35":11,"36":11,"37":11,"38":11,"39":22,"40":0,"41":0,"42":0,"43":0,"44":11,"45":44,"46":11,"47":33,"48":13,"49":18,"50":0,"51":2,"52":0,"53":0,"54":0,"55":13,"56":13,"57":13,"58":18,"59":18,"60":18,"61":0,"62":0,"63":0,"64":2,"65":2,"66":2,"67":0,"68":0,"69":0,"70":0,"71":33,"72":11,"73":2},"f":{"0":11,"1":11,"2":22,"3":22,"4":11,"5":11},"b":{"0":[11],"1":[0],"2":[20],"3":[11],"4":[13,18,0,2,0,0,0,0,11],"5":[11],"6":[11],"7":[13,18,0,2,0,0,0]}}
,"/Users/inga/Desktop/game-card/api/engine/events.ts": {"path":"/Users/inga/Desktop/game-card/api/engine/events.ts","statementMap":{"0":{"start":{"line":1,"column":0},"end":{"line":1,"column":36}},"1":{"start":{"line":4,"column":0},"end":{"line":4,"column":null}},"2":{"start":{"line":26,"column":31},"end":{"line":76,"column":2}},"3":{"start":{"line":29,"column":19},"end":{"line":76,"column":2}},"4":{"start":{"line":31,"column":2},"end":{"line":31,"column":33}},"5":{"start":{"line":32,"column":6},"end":{"line":32,"column":25}},"6":{"start":{"line":33,"column":8},"end":{"line":33,"column":48}},"7":{"start":{"line":34,"column":8},"end":{"line":38,"column":4}},"8":{"start":{"line":39,"column":8},"end":{"line":39,"column":21}},"9":{"start":{"line":40,"column":8},"end":{"line":40,"column":20}},"10":{"start":{"line":41,"column":2},"end":{"line":41,"column":59}},"11":{"start":{"line":42,"column":2},"end":{"line":42,"column":43}},"12":{"start":{"line":43,"column":2},"end":{"line":43,"column":40}},"13":{"start":{"line":44,"column":2},"end":{"line":44,"column":29}},"14":{"start":{"line":45,"column":2},"end":{"line":45,"column":32}},"15":{"start":{"line":46,"column":2},"end":{"line":46,"column":29}},"16":{"start":{"line":47,"column":2},"end":{"line":47,"column":32}},"17":{"start":{"line":48,"column":2},"end":{"line":48,"column":28}},"18":{"start":{"line":50,"column":2},"end":{"line":50,"column":74}},"19":{"start":{"line":51,"column":2},"end":{"line":51,"column":67}},"20":{"start":{"line":52,"column":2},"end":{"line":56,"column":4}},"21":{"start":{"line":57,"column":2},"end":{"line":57,"column":69}},"22":{"start":{"line":58,"column":2},"end":{"line":63,"column":4}},"23":{"start":{"line":64,"column":2},"end":{"line":68,"column":4}},"24":{"start":{"line":69,"column":2},"end":{"line":69,"column":72}},"25":{"start":{"line":70,"column":2},"end":{"line":74,"column":4}},"26":{"start":{"line":75,"column":2},"end":{"line":75,"column":19}},"27":{"start":{"line":26,"column":13},"end":{"line":26,"column":31}},"28":{"start":{"line":78,"column":16},"end":{"line":86,"column":1}},"29":{"start":{"line":79,"column":13},"end":{"line":79,"column":14}},"30":{"start":{"line":80,"column":10},"end":{"line":80,"column":22}},"31":{"start":{"line":81,"column":2},"end":{"line":84,"column":null}},"32":{"start":{"line":81,"column":15},"end":{"line":81,"column":16}},"33":{"start":{"line":82,"column":4},"end":{"line":82,"column":52}},"34":{"start":{"line":83,"column":4},"end":{"line":83,"column":14}},"35":{"start":{"line":85,"column":2},"end":{"line":85,"column":14}},"36":{"start":{"line":88,"column":21},"end":{"line":114,"column":1}},"37":{"start":{"line":90,"column":2},"end":{"line":91,"column":76}},"38":{"start":{"line":91,"column":4},"end":{"line":91,"column":76}},"39":{"start":{"line":93,"column":2},"end":{"line":93,"column":50}},"40":{"start":{"line":94,"column":14},"end":{"line":94,"column":30}},"41":{"start":{"line":95,"column":26},"end":{"line":95,"column":28}},"42":{"start":{"line":96,"column":2},"end":{"line":102,"column":null}},"43":{"start":{"line":96,"column":15},"end":{"line":96,"column":16}},"44":{"start":{"line":97,"column":15},"end":{"line":97,"column":36}},"45":{"start":{"line":98,"column":4},"end":{"line":100,"column":null}},"46":{"start":{"line":99,"column":6},"end":{"line":99,"column":35}},"47":{"start":{"line":101,"column":4},"end":{"line":101,"column":21}},"48":{"start":{"line":103,"column":2},"end":{"line":103,"column":30}},"49":{"start":{"line":104,"column":20},"end":{"line":104,"column":22}},"50":{"start":{"line":105,"column":2},"end":{"line":111,"column":null}},"51":{"start":{"line":105,"column":15},"end":{"line":105,"column":16}},"52":{"start":{"line":106,"column":21},"end":{"line":106,"column":40}},"53":{"start":{"line":107,"column":4},"end":{"line":110,"column":6}},"54":{"start":{"line":112,"column":2},"end":{"line":112,"column":45}},"55":{"start":{"line":113,"column":2},"end":{"line":113,"column":19}},"56":{"start":{"line":116,"column":31},"end":{"line":124,"column":2}},"57":{"start":{"line":119,"column":26},"end":{"line":124,"column":2}},"58":{"start":{"line":121,"column":6},"end":{"line":121,"column":25}},"59":{"start":{"line":122,"column":2},"end":{"line":122,"column":40}},"60":{"start":{"line":123,"column":2},"end":{"line":123,"column":19}},"61":{"start":{"line":116,"column":13},"end":{"line":116,"column":31}},"62":{"start":{"line":126,"column":35},"end":{"line":139,"column":2}},"63":{"start":{"line":129,"column":30},"end":{"line":139,"column":2}},"64":{"start":{"line":131,"column":6},"end":{"line":136,"column":4}},"65":{"start":{"line":137,"column":2},"end":{"line":137,"column":44}},"66":{"start":{"line":138,"column":2},"end":{"line":138,"column":19}},"67":{"start":{"line":126,"column":13},"end":{"line":126,"column":35}},"68":{"start":{"line":141,"column":31},"end":{"line":154,"column":2}},"69":{"start":{"line":144,"column":26},"end":{"line":154,"column":2}},"70":{"start":{"line":146,"column":6},"end":{"line":151,"column":4}},"71":{"start":{"line":152,"column":2},"end":{"line":152,"column":40}},"72":{"start":{"line":153,"column":2},"end":{"line":153,"column":19}},"73":{"start":{"line":141,"column":13},"end":{"line":141,"column":31}},"74":{"start":{"line":156,"column":27},"end":{"line":223,"column":2}},"75":{"start":{"line":160,"column":18},"end":{"line":223,"column":2}},"76":{"start":{"line":162,"column":6},"end":{"line":162,"column":25}},"77":{"start":{"line":163,"column":2},"end":{"line":163,"column":29}},"78":{"start":{"line":164,"column":8},"end":{"line":166,"column":54}},"79":{"start":{"line":165,"column":36},"end":{"line":165,"column":58}},"80":{"start":{"line":166,"column":35},"end":{"line":166,"column":53}},"81":{"start":{"line":168,"column":2},"end":{"line":172,"column":null}},"82":{"start":{"line":169,"column":4},"end":{"line":171,"column":6}},"83":{"start":{"line":185,"column":2},"end":{"line":221,"column":null}},"84":{"start":{"line":187,"column":6},"end":{"line":195,"column":8}},"85":{"start":{"line":196,"column":6},"end":{"line":200,"column":8}},"86":{"start":{"line":201,"column":6},"end":{"line":201,"column":12}},"87":{"start":{"line":203,"column":6},"end":{"line":203,"column":71}},"88":{"start":{"line":204,"column":6},"end":{"line":208,"column":8}},"89":{"start":{"line":209,"column":6},"end":{"line":213,"column":8}},"90":{"start":{"line":214,"column":6},"end":{"line":214,"column":12}},"91":{"start":{"line":216,"column":6},"end":{"line":220,"column":8}},"92":{"start":{"line":222,"column":2},"end":{"line":222,"column":19}},"93":{"start":{"line":156,"column":13},"end":{"line":156,"column":27}}},"fnMap":{"0":{"name":"(anonymous_14)","decl":{"start":{"line":26,"column":31},"end":{"line":26,"column":null}},"loc":{"start":{"line":29,"column":19},"end":{"line":76,"column":2}}},"1":{"name":"(anonymous_15)","decl":{"start":{"line":29,"column":19},"end":{"line":29,"column":null}},"loc":{"start":{"line":29,"column":19},"end":{"line":76,"column":2}}},"2":{"name":"(anonymous_17)","decl":{"start":{"line":78,"column":16},"end":{"line":78,"column":17}},"loc":{"start":{"line":78,"column":30},"end":{"line":86,"column":1}}},"3":{"name":"(anonymous_18)","decl":{"start":{"line":88,"column":21},"end":{"line":88,"column":22}},"loc":{"start":{"line":88,"column":58},"end":{"line":114,"column":1}}},"4":{"name":"(anonymous_19)","decl":{"start":{"line":116,"column":31},"end":{"line":116,"column":null}},"loc":{"start":{"line":119,"column":26},"end":{"line":124,"column":2}}},"5":{"name":"(anonymous_20)","decl":{"start":{"line":119,"column":26},"end":{"line":119,"column":null}},"loc":{"start":{"line":119,"column":26},"end":{"line":124,"column":2}}},"6":{"name":"(anonymous_22)","decl":{"start":{"line":126,"column":35},"end":{"line":126,"column":null}},"loc":{"start":{"line":129,"column":30},"end":{"line":139,"column":2}}},"7":{"name":"(anonymous_23)","decl":{"start":{"line":129,"column":30},"end":{"line":129,"column":null}},"loc":{"start":{"line":129,"column":30},"end":{"line":139,"column":2}}},"8":{"name":"(anonymous_25)","decl":{"start":{"line":141,"column":31},"end":{"line":141,"column":null}},"loc":{"start":{"line":144,"column":26},"end":{"line":154,"column":2}}},"9":{"name":"(anonymous_26)","decl":{"start":{"line":144,"column":26},"end":{"line":144,"column":null}},"loc":{"start":{"line":144,"column":26},"end":{"line":154,"column":2}}},"10":{"name":"(anonymous_28)","decl":{"start":{"line":156,"column":27},"end":{"line":156,"column":null}},"loc":{"start":{"line":160,"column":18},"end":{"line":223,"column":2}}},"11":{"name":"(anonymous_29)","decl":{"start":{"line":160,"column":18},"end":{"line":160,"column":null}},"loc":{"start":{"line":160,"column":18},"end":{"line":223,"column":2}}},"12":{"name":"(anonymous_31)","decl":{"start":{"line":165,"column":11},"end":{"line":165,"column":12}},"loc":{"start":{"line":165,"column":31},"end":{"line":165,"column":37}}},"13":{"name":"(anonymous_32)","decl":{"start":{"line":166,"column":20},"end":{"line":166,"column":21}},"loc":{"start":{"line":166,"column":30},"end":{"line":166,"column":36}}}},"branchMap":{"0":{"loc":{"start":{"line":90,"column":2},"end":{"line":91,"column":76}},"type":"if","locations":[{"start":{"line":90,"column":2},"end":{"line":91,"column":76}}]},"1":{"loc":{"start":{"line":164,"column":16},"end":{"line":166,"column":53}},"type":"cond-expr","locations":[{"start":{"line":166,"column":13},"end":{"line":166,"column":15}},{"start":{"line":166,"column":13},"end":{"line":166,"column":53}}]},"2":{"loc":{"start":{"line":164,"column":16},"end":{"line":166,"column":15}},"type":"binary-expr","locations":[{"start":{"line":164,"column":16},"end":{"line":166,"column":15}},{"start":{"line":166,"column":13},"end":{"line":166,"column":15}}]},"3":{"loc":{"start":{"line":164,"column":16},"end":{"line":166,"column":13}},"type":"cond-expr","locations":[{"start":{"line":165,"column":58},"end":{"line":165,"column":null}},{"start":{"line":165,"column":58},"end":{"line":166,"column":13}}]},"4":{"loc":{"start":{"line":164,"column":16},"end":{"line":165,"column":null}},"type":"binary-expr","locations":[{"start":{"line":164,"column":16},"end":{"line":165,"column":null}},{"start":{"line":165,"column":58},"end":{"line":165,"column":null}}]},"5":{"loc":{"start":{"line":164,"column":16},"end":{"line":165,"column":58}},"type":"cond-expr","locations":[{"start":{"line":164,"column":33},"end":{"line":164,"column":null}},{"start":{"line":164,"column":33},"end":{"line":165,"column":58}}]},"6":{"loc":{"start":{"line":164,"column":16},"end":{"line":164,"column":null}},"type":"binary-expr","locations":[{"start":{"line":164,"column":16},"end":{"line":164,"column":null}},{"start":{"line":164,"column":33},"end":{"line":164,"column":null}}]},"7":{"loc":{"start":{"line":168,"column":2},"end":{"line":172,"column":null}},"type":"if","locations":[{"start":{"line":168,"column":2},"end":{"line":172,"column":null}}]},"8":{"loc":{"start":{"line":185,"column":2},"end":{"line":221,"column":null}},"type":"switch","locations":[{"start":{"line":186,"column":4},"end":{"line":201,"column":12}},{"start":{"line":202,"column":4},"end":{"line":214,"column":12}},{"start":{"line":215,"column":4},"end":{"line":220,"column":8}}]},"9":{"loc":{"start":{"line":212,"column":8},"end":{"line":212,"column":41}},"type":"cond-expr","locations":[{"start":{"line":212,"column":24},"end":{"line":212,"column":37}},{"start":{"line":212,"column":40},"end":{"line":212,"column":41}}]}},"s":{"0":2,"1":2,"2":2,"3":13,"4":13,"5":13,"6":13,"7":13,"8":13,"9":13,"10":13,"11":13,"12":13,"13":13,"14":13,"15":13,"16":13,"17":13,"18":13,"19":13,"20":13,"21":13,"22":13,"23":13,"24":13,"25":13,"26":13,"27":2,"28":2,"29":0,"30":0,"31":0,"32":0,"33":0,"34":0,"35":0,"36":2,"37":0,"38":0,"39":0,"40":0,"41":0,"42":0,"43":0,"44":0,"45":0,"46":0,"47":0,"48":0,"49":0,"50":0,"51":0,"52":0,"53":0,"54":0,"55":0,"56":2,"57":2,"58":2,"59":2,"60":2,"61":2,"62":2,"63":18,"64":18,"65":18,"66":18,"67":2,"68":2,"69":0,"70":0,"71":0,"72":0,"73":2,"74":2,"75":18,"76":18,"77":18,"78":18,"79":18,"80":32,"81":18,"82":0,"83":18,"84":8,"85":8,"86":8,"87":6,"88":6,"89":6,"90":6,"91":4,"92":18,"93":2},"f":{"0":13,"1":13,"2":0,"3":0,"4":2,"5":2,"6":18,"7":18,"8":0,"9":0,"10":18,"11":18,"12":18,"13":32},"b":{"0":[0],"1":[0,18],"2":[18,18],"3":[0,18],"4":[18,18],"5":[0,18],"6":[18,18],"7":[0],"8":[8,6,4],"9":[6,0]}}
,"/Users/inga/Desktop/game-card/api/storage/combiners.ts": {"path":"/Users/inga/Desktop/game-card/api/storage/combiners.ts","statementMap":{"0":{"start":{"line":47,"column":29},"end":{"line":70,"column":1}},"1":{"start":{"line":56,"column":32},"end":{"line":56,"column":34}},"2":{"start":{"line":57,"column":2},"end":{"line":57,"column":49}},"3":{"start":{"line":57,"column":21},"end":{"line":57,"column":49}},"4":{"start":{"line":58,"column":2},"end":{"line":59,"column":55}},"5":{"start":{"line":59,"column":4},"end":{"line":59,"column":55}},"6":{"start":{"line":60,"column":2},"end":{"line":61,"column":51}},"7":{"start":{"line":61,"column":4},"end":{"line":61,"column":51}},"8":{"start":{"line":62,"column":2},"end":{"line":63,"column":51}},"9":{"start":{"line":63,"column":4},"end":{"line":63,"column":51}},"10":{"start":{"line":64,"column":2},"end":{"line":64,"column":78}},"11":{"start":{"line":64,"column":33},"end":{"line":64,"column":78}},"12":{"start":{"line":65,"column":2},"end":{"line":66,"column":51}},"13":{"start":{"line":66,"column":4},"end":{"line":66,"column":51}},"14":{"start":{"line":67,"column":2},"end":{"line":68,"column":52}},"15":{"start":{"line":68,"column":4},"end":{"line":68,"column":52}},"16":{"start":{"line":69,"column":2},"end":{"line":69,"column":19}},"17":{"start":{"line":47,"column":13},"end":{"line":47,"column":29}},"18":{"start":{"line":72,"column":34},"end":{"line":99,"column":1}},"19":{"start":{"line":78,"column":34},"end":{"line":97,"column":4}},"20":{"start":{"line":79,"column":18},"end":{"line":79,"column":72}},"21":{"start":{"line":79,"column":52},"end":{"line":79,"column":72}},"22":{"start":{"line":80,"column":4},"end":{"line":80,"column":73}},"23":{"start":{"line":80,"column":16},"end":{"line":80,"column":73}},"24":{"start":{"line":81,"column":21},"end":{"line":88,"column":6}},"25":{"start":{"line":82,"column":22},"end":{"line":83,"column":null}},"26":{"start":{"line":83,"column":25},"end":{"line":83,"column":null}},"27":{"start":{"line":85,"column":6},"end":{"line":86,"column":69}},"28":{"start":{"line":86,"column":8},"end":{"line":86,"column":69}},"29":{"start":{"line":87,"column":6},"end":{"line":87,"column":21}},"30":{"start":{"line":89,"column":4},"end":{"line":96,"column":6}},"31":{"start":{"line":98,"column":2},"end":{"line":98,"column":23}},"32":{"start":{"line":72,"column":13},"end":{"line":72,"column":34}},"33":{"start":{"line":101,"column":36},"end":{"line":133,"column":1}},"34":{"start":{"line":106,"column":40},"end":{"line":130,"column":4}},"35":{"start":{"line":107,"column":34},"end":{"line":122,"column":8}},"36":{"start":{"line":108,"column":29},"end":{"line":108,"column":52}},"37":{"start":{"line":110,"column":26},"end":{"line":111,"column":null}},"38":{"start":{"line":111,"column":30},"end":{"line":111,"column":null}},"39":{"start":{"line":113,"column":8},"end":{"line":114,"column":74}},"40":{"start":{"line":114,"column":10},"end":{"line":114,"column":74}},"41":{"start":{"line":115,"column":8},"end":{"line":121,"column":10}},"42":{"start":{"line":123,"column":4},"end":{"line":129,"column":6}},"43":{"start":{"line":132,"column":2},"end":{"line":132,"column":26}},"44":{"start":{"line":101,"column":13},"end":{"line":101,"column":36}},"45":{"start":{"line":135,"column":34},"end":{"line":165,"column":1}},"46":{"start":{"line":140,"column":25},"end":{"line":163,"column":4}},"47":{"start":{"line":142,"column":4},"end":{"line":152,"column":null}},"48":{"start":{"line":143,"column":18},"end":{"line":143,"column":73}},"49":{"start":{"line":143,"column":53},"end":{"line":143,"column":73}},"50":{"start":{"line":144,"column":6},"end":{"line":144,"column":66}},"51":{"start":{"line":144,"column":16},"end":{"line":144,"column":66}},"52":{"start":{"line":145,"column":6},"end":{"line":145,"column":17}},"53":{"start":{"line":146,"column":11},"end":{"line":152,"column":null}},"54":{"start":{"line":147,"column":18},"end":{"line":147,"column":79}},"55":{"start":{"line":147,"column":59},"end":{"line":147,"column":79}},"56":{"start":{"line":148,"column":6},"end":{"line":148,"column":69}},"57":{"start":{"line":148,"column":16},"end":{"line":148,"column":69}},"58":{"start":{"line":149,"column":6},"end":{"line":149,"column":17}},"59":{"start":{"line":151,"column":6},"end":{"line":151,"column":50}},"60":{"start":{"line":153,"column":4},"end":{"line":162,"column":6}},"61":{"start":{"line":164,"column":2},"end":{"line":164,"column":24}},"62":{"start":{"line":135,"column":13},"end":{"line":135,"column":34}},"63":{"start":{"line":167,"column":37},"end":{"line":189,"column":1}},"64":{"start":{"line":171,"column":42},"end":{"line":187,"column":4}},"65":{"start":{"line":172,"column":38},"end":{"line":179,"column":8}},"66":{"start":{"line":173,"column":29},"end":{"line":173,"column":53}},"67":{"start":{"line":175,"column":8},"end":{"line":177,"column":null}},"68":{"start":{"line":180,"column":4},"end":{"line":186,"column":6}},"69":{"start":{"line":188,"column":2},"end":{"line":188,"column":27}},"70":{"start":{"line":167,"column":13},"end":{"line":167,"column":37}},"71":{"start":{"line":191,"column":33},"end":{"line":213,"column":1}},"72":{"start":{"line":196,"column":33},"end":{"line":211,"column":4}},"73":{"start":{"line":197,"column":20},"end":{"line":197,"column":73}},"74":{"start":{"line":197,"column":51},"end":{"line":197,"column":73}},"75":{"start":{"line":198,"column":4},"end":{"line":199,"column":69}},"76":{"start":{"line":199,"column":6},"end":{"line":199,"column":69}},"77":{"start":{"line":200,"column":22},"end":{"line":201,"column":null}},"78":{"start":{"line":201,"column":26},"end":{"line":201,"column":null}},"79":{"start":{"line":203,"column":4},"end":{"line":204,"column":71}},"80":{"start":{"line":204,"column":6},"end":{"line":204,"column":71}},"81":{"start":{"line":205,"column":4},"end":{"line":210,"column":6}},"82":{"start":{"line":212,"column":2},"end":{"line":212,"column":23}},"83":{"start":{"line":191,"column":13},"end":{"line":191,"column":33}},"84":{"start":{"line":215,"column":34},"end":{"line":231,"column":1}},"85":{"start":{"line":219,"column":26},"end":{"line":229,"column":4}},"86":{"start":{"line":220,"column":19},"end":{"line":220,"column":70}},"87":{"start":{"line":220,"column":49},"end":{"line":220,"column":70}},"88":{"start":{"line":221,"column":4},"end":{"line":221,"column":70}},"89":{"start":{"line":221,"column":17},"end":{"line":221,"column":70}},"90":{"start":{"line":222,"column":4},"end":{"line":228,"column":6}},"91":{"start":{"line":230,"column":2},"end":{"line":230,"column":25}},"92":{"start":{"line":215,"column":13},"end":{"line":215,"column":34}},"93":{"start":{"line":233,"column":32},"end":{"line":253,"column":1}},"94":{"start":{"line":238,"column":34},"end":{"line":251,"column":4}},"95":{"start":{"line":239,"column":20},"end":{"line":239,"column":74}},"96":{"start":{"line":239,"column":52},"end":{"line":239,"column":74}},"97":{"start":{"line":240,"column":4},"end":{"line":240,"column":71}},"98":{"start":{"line":240,"column":18},"end":{"line":240,"column":71}},"99":{"start":{"line":241,"column":19},"end":{"line":241,"column":76}},"100":{"start":{"line":241,"column":49},"end":{"line":241,"column":76}},"101":{"start":{"line":242,"column":4},"end":{"line":242,"column":76}},"102":{"start":{"line":242,"column":17},"end":{"line":242,"column":76}},"103":{"start":{"line":244,"column":4},"end":{"line":250,"column":6}},"104":{"start":{"line":252,"column":2},"end":{"line":252,"column":23}},"105":{"start":{"line":233,"column":13},"end":{"line":233,"column":32}},"106":{"start":{"line":255,"column":33},"end":{"line":297,"column":1}},"107":{"start":{"line":261,"column":26},"end":{"line":295,"column":4}},"108":{"start":{"line":262,"column":19},"end":{"line":262,"column":70}},"109":{"start":{"line":262,"column":49},"end":{"line":262,"column":70}},"110":{"start":{"line":263,"column":4},"end":{"line":263,"column":70}},"111":{"start":{"line":263,"column":17},"end":{"line":263,"column":70}},"112":{"start":{"line":265,"column":48},"end":{"line":280,"column":null}},"113":{"start":{"line":267,"column":25},"end":{"line":268,"column":null}},"114":{"start":{"line":268,"column":29},"end":{"line":268,"column":null}},"115":{"start":{"line":270,"column":8},"end":{"line":271,"column":73}},"116":{"start":{"line":271,"column":10},"end":{"line":271,"column":73}},"117":{"start":{"line":272,"column":8},"end":{"line":279,"column":10}},"118":{"start":{"line":283,"column":45},"end":{"line":283,"column":47}},"119":{"start":{"line":285,"column":4},"end":{"line":294,"column":6}},"120":{"start":{"line":296,"column":2},"end":{"line":296,"column":25}},"121":{"start":{"line":255,"column":13},"end":{"line":255,"column":33}},"122":{"start":{"line":299,"column":35},"end":{"line":315,"column":1}},"123":{"start":{"line":303,"column":26},"end":{"line":313,"column":4}},"124":{"start":{"line":304,"column":19},"end":{"line":304,"column":70}},"125":{"start":{"line":304,"column":49},"end":{"line":304,"column":70}},"126":{"start":{"line":305,"column":4},"end":{"line":305,"column":70}},"127":{"start":{"line":305,"column":17},"end":{"line":305,"column":70}},"128":{"start":{"line":306,"column":4},"end":{"line":312,"column":6}},"129":{"start":{"line":314,"column":2},"end":{"line":314,"column":25}},"130":{"start":{"line":299,"column":13},"end":{"line":299,"column":35}},"131":{"start":{"line":317,"column":42},"end":{"line":335,"column":1}},"132":{"start":{"line":320,"column":2},"end":{"line":323,"column":6}},"133":{"start":{"line":321,"column":4},"end":{"line":323,"column":6}},"134":{"start":{"line":324,"column":28},"end":{"line":324,"column":37}},"135":{"start":{"line":325,"column":2},"end":{"line":328,"column":6}},"136":{"start":{"line":326,"column":4},"end":{"line":328,"column":6}},"137":{"start":{"line":329,"column":2},"end":{"line":333,"column":null}},"138":{"start":{"line":317,"column":13},"end":{"line":317,"column":42}},"139":{"start":{"line":337,"column":36},"end":{"line":359,"column":1}},"140":{"start":{"line":344,"column":34},"end":{"line":344,"column":36}},"141":{"start":{"line":345,"column":2},"end":{"line":353,"column":4}},"142":{"start":{"line":346,"column":4},"end":{"line":352,"column":null}},"143":{"start":{"line":354,"column":2},"end":{"line":358,"column":26}},"144":{"start":{"line":337,"column":13},"end":{"line":337,"column":36}},"145":{"start":{"line":361,"column":41},"end":{"line":382,"column":1}},"146":{"start":{"line":364,"column":41},"end":{"line":364,"column":43}},"147":{"start":{"line":365,"column":2},"end":{"line":380,"column":5}},"148":{"start":{"line":366,"column":19},"end":{"line":366,"column":38}},"149":{"start":{"line":367,"column":19},"end":{"line":370,"column":6}},"150":{"start":{"line":368,"column":18},"end":{"line":368,"column":30}},"151":{"start":{"line":369,"column":6},"end":{"line":369,"column":65}},"152":{"start":{"line":371,"column":4},"end":{"line":379,"column":7}},"153":{"start":{"line":374,"column":40},"end":{"line":374,"column":52}},"154":{"start":{"line":381,"column":2},"end":{"line":381,"column":19}},"155":{"start":{"line":361,"column":13},"end":{"line":361,"column":41}},"156":{"start":{"line":384,"column":42},"end":{"line":398,"column":1}},"157":{"start":{"line":387,"column":42},"end":{"line":387,"column":44}},"158":{"start":{"line":388,"column":2},"end":{"line":396,"column":4}},"159":{"start":{"line":389,"column":4},"end":{"line":395,"column":null}},"160":{"start":{"line":397,"column":2},"end":{"line":397,"column":19}},"161":{"start":{"line":384,"column":13},"end":{"line":384,"column":42}}},"fnMap":{"0":{"name":"(anonymous_2)","decl":{"start":{"line":47,"column":29},"end":{"line":47,"column":null}},"loc":{"start":{"line":54,"column":35},"end":{"line":70,"column":1}}},"1":{"name":"(anonymous_3)","decl":{"start":{"line":72,"column":34},"end":{"line":72,"column":null}},"loc":{"start":{"line":76,"column":25},"end":{"line":99,"column":1}}},"2":{"name":"(anonymous_4)","decl":{"start":{"line":78,"column":45},"end":{"line":78,"column":46}},"loc":{"start":{"line":78,"column":56},"end":{"line":97,"column":3}}},"3":{"name":"(anonymous_5)","decl":{"start":{"line":79,"column":38},"end":{"line":79,"column":39}},"loc":{"start":{"line":79,"column":47},"end":{"line":79,"column":53}}},"4":{"name":"(anonymous_6)","decl":{"start":{"line":81,"column":39},"end":{"line":81,"column":40}},"loc":{"start":{"line":81,"column":57},"end":{"line":88,"column":5}}},"5":{"name":"(anonymous_7)","decl":{"start":{"line":83,"column":8},"end":{"line":83,"column":9}},"loc":{"start":{"line":83,"column":20},"end":{"line":83,"column":26}}},"6":{"name":"(anonymous_8)","decl":{"start":{"line":101,"column":36},"end":{"line":101,"column":null}},"loc":{"start":{"line":104,"column":27},"end":{"line":133,"column":1}}},"7":{"name":"(anonymous_9)","decl":{"start":{"line":106,"column":54},"end":{"line":106,"column":55}},"loc":{"start":{"line":106,"column":68},"end":{"line":130,"column":3}}},"8":{"name":"(anonymous_10)","decl":{"start":{"line":108,"column":14},"end":{"line":108,"column":15}},"loc":{"start":{"line":108,"column":24},"end":{"line":108,"column":30}}},"9":{"name":"(anonymous_11)","decl":{"start":{"line":109,"column":11},"end":{"line":109,"column":12}},"loc":{"start":{"line":109,"column":21},"end":{"line":122,"column":7}}},"10":{"name":"(anonymous_12)","decl":{"start":{"line":111,"column":10},"end":{"line":111,"column":11}},"loc":{"start":{"line":111,"column":25},"end":{"line":111,"column":31}}},"11":{"name":"(anonymous_13)","decl":{"start":{"line":135,"column":34},"end":{"line":135,"column":null}},"loc":{"start":{"line":138,"column":26},"end":{"line":165,"column":1}}},"12":{"name":"(anonymous_14)","decl":{"start":{"line":140,"column":37},"end":{"line":140,"column":38}},"loc":{"start":{"line":140,"column":48},"end":{"line":163,"column":3}}},"13":{"name":"(anonymous_15)","decl":{"start":{"line":143,"column":38},"end":{"line":143,"column":39}},"loc":{"start":{"line":143,"column":48},"end":{"line":143,"column":54}}},"14":{"name":"(anonymous_16)","decl":{"start":{"line":147,"column":41},"end":{"line":147,"column":42}},"loc":{"start":{"line":147,"column":54},"end":{"line":147,"column":60}}},"15":{"name":"(anonymous_17)","decl":{"start":{"line":167,"column":37},"end":{"line":167,"column":null}},"loc":{"start":{"line":169,"column":19},"end":{"line":189,"column":1}}},"16":{"name":"(anonymous_18)","decl":{"start":{"line":171,"column":57},"end":{"line":171,"column":58}},"loc":{"start":{"line":171,"column":72},"end":{"line":187,"column":3}}},"17":{"name":"(anonymous_19)","decl":{"start":{"line":173,"column":14},"end":{"line":173,"column":15}},"loc":{"start":{"line":173,"column":24},"end":{"line":173,"column":30}}},"18":{"name":"(anonymous_20)","decl":{"start":{"line":174,"column":11},"end":{"line":174,"column":12}},"loc":{"start":{"line":174,"column":32},"end":{"line":179,"column":7}}},"19":{"name":"(anonymous_21)","decl":{"start":{"line":191,"column":33},"end":{"line":191,"column":null}},"loc":{"start":{"line":194,"column":22},"end":{"line":213,"column":1}}},"20":{"name":"(anonymous_22)","decl":{"start":{"line":196,"column":44},"end":{"line":196,"column":45}},"loc":{"start":{"line":196,"column":54},"end":{"line":211,"column":3}}},"21":{"name":"(anonymous_23)","decl":{"start":{"line":197,"column":34},"end":{"line":197,"column":35}},"loc":{"start":{"line":197,"column":46},"end":{"line":197,"column":52}}},"22":{"name":"(anonymous_24)","decl":{"start":{"line":201,"column":6},"end":{"line":201,"column":7}},"loc":{"start":{"line":201,"column":21},"end":{"line":201,"column":27}}},"23":{"name":"(anonymous_25)","decl":{"start":{"line":215,"column":34},"end":{"line":215,"column":null}},"loc":{"start":{"line":217,"column":21},"end":{"line":231,"column":1}}},"24":{"name":"(anonymous_26)","decl":{"start":{"line":219,"column":39},"end":{"line":219,"column":40}},"loc":{"start":{"line":219,"column":52},"end":{"line":229,"column":3}}},"25":{"name":"(anonymous_27)","decl":{"start":{"line":220,"column":32},"end":{"line":220,"column":33}},"loc":{"start":{"line":220,"column":44},"end":{"line":220,"column":50}}},"26":{"name":"(anonymous_28)","decl":{"start":{"line":233,"column":32},"end":{"line":233,"column":null}},"loc":{"start":{"line":236,"column":21},"end":{"line":253,"column":1}}},"27":{"name":"(anonymous_29)","decl":{"start":{"line":238,"column":45},"end":{"line":238,"column":46}},"loc":{"start":{"line":238,"column":56},"end":{"line":251,"column":3}}},"28":{"name":"(anonymous_30)","decl":{"start":{"line":239,"column":34},"end":{"line":239,"column":35}},"loc":{"start":{"line":239,"column":47},"end":{"line":239,"column":53}}},"29":{"name":"(anonymous_31)","decl":{"start":{"line":241,"column":32},"end":{"line":241,"column":33}},"loc":{"start":{"line":241,"c
[...]
7,"column":null}},"123":{"start":{"line":208,"column":8},"end":{"line":214,"column":6}},"124":{"start":{"line":208,"column":58},"end":{"line":214,"column":5}},"125":{"start":{"line":215,"column":2},"end":{"line":215,"column":19}},"126":{"start":{"line":205,"column":13},"end":{"line":205,"column":31}}},"fnMap":{"0":{"name":"(anonymous_20)","decl":{"start":{"line":23,"column":20},"end":{"line":23,"column":27}},"loc":{"start":{"line":23,"column":42},"end":{"line":33,"column":2}}},"1":{"name":"(anonymous_21)","decl":{"start":{"line":23,"column":42},"end":{"line":23,"column":null}},"loc":{"start":{"line":23,"column":42},"end":{"line":33,"column":2}}},"2":{"name":"(anonymous_23)","decl":{"start":{"line":35,"column":32},"end":{"line":35,"column":null}},"loc":{"start":{"line":35,"column":32},"end":{"line":46,"column":2}}},"3":{"name":"(anonymous_26)","decl":{"start":{"line":38,"column":44},"end":{"line":38,"column":45}},"loc":{"start":{"line":38,"column":55},"end":{"line":38,"column":61}}},"4":{"name":"(anonymous_27)","decl":{"start":{"line":48,"column":31},"end":{"line":48,"column":null}},"loc":{"start":{"line":48,"column":31},"end":{"line":58,"column":2}}},"5":{"name":"(anonymous_30)","decl":{"start":{"line":51,"column":42},"end":{"line":51,"column":43}},"loc":{"start":{"line":51,"column":53},"end":{"line":51,"column":59}}},"6":{"name":"(anonymous_31)","decl":{"start":{"line":60,"column":27},"end":{"line":60,"column":null}},"loc":{"start":{"line":60,"column":27},"end":{"line":72,"column":2}}},"7":{"name":"(anonymous_34)","decl":{"start":{"line":63,"column":34},"end":{"line":63,"column":35}},"loc":{"start":{"line":63,"column":45},"end":{"line":63,"column":51}}},"8":{"name":"(anonymous_35)","decl":{"start":{"line":74,"column":35},"end":{"line":74,"column":null}},"loc":{"start":{"line":74,"column":35},"end":{"line":82,"column":2}}},"9":{"name":"(anonymous_38)","decl":{"start":{"line":77,"column":51},"end":{"line":77,"column":52}},"loc":{"start":{"line":77,"column":62},"end":{"line":77,"column":68}}},"10":{"name":"(anonymous_39)","decl":{"start":{"line":84,"column":28},"end":{"line":84,"column":null}},"loc":{"start":{"line":84,"column":28},"end":{"line":96,"column":2}}},"11":{"name":"(anonymous_42)","decl":{"start":{"line":87,"column":36},"end":{"line":87,"column":37}},"loc":{"start":{"line":87,"column":47},"end":{"line":87,"column":53}}},"12":{"name":"(anonymous_43)","decl":{"start":{"line":98,"column":27},"end":{"line":98,"column":null}},"loc":{"start":{"line":98,"column":27},"end":{"line":104,"column":2}}},"13":{"name":"(anonymous_46)","decl":{"start":{"line":102,"column":34},"end":{"line":102,"column":35}},"loc":{"start":{"line":102,"column":45},"end":{"line":102,"column":51}}},"14":{"name":"(anonymous_47)","decl":{"start":{"line":106,"column":29},"end":{"line":106,"column":null}},"loc":{"start":{"line":106,"column":29},"end":{"line":118,"column":2}}},"15":{"name":"(anonymous_50)","decl":{"start":{"line":109,"column":37},"end":{"line":109,"column":38}},"loc":{"start":{"line":109,"column":48},"end":{"line":109,"column":54}}},"16":{"name":"(anonymous_51)","decl":{"start":{"line":120,"column":32},"end":{"line":120,"column":null}},"loc":{"start":{"line":120,"column":32},"end":{"line":129,"column":2}}},"17":{"name":"(anonymous_54)","decl":{"start":{"line":123,"column":44},"end":{"line":123,"column":45}},"loc":{"start":{"line":123,"column":55},"end":{"line":123,"column":61}}},"18":{"name":"(anonymous_55)","decl":{"start":{"line":131,"column":28},"end":{"line":131,"column":null}},"loc":{"start":{"line":131,"column":28},"end":{"line":139,"column":2}}},"19":{"name":"(anonymous_58)","decl":{"start":{"line":134,"column":35},"end":{"line":134,"column":36}},"loc":{"start":{"line":134,"column":46},"end":{"line":134,"column":52}}},"20":{"name":"(anonymous_59)","decl":{"start":{"line":141,"column":30},"end":{"line":141,"column":null}},"loc":{"start":{"line":141,"column":30},"end":{"line":152,"column":2}}},"21":{"name":"(anonymous_62)","decl":{"start":{"line":144,"column":40},"end":{"line":144,"column":41}},"loc":{"start":{"line":144,"column":51},"end":{"line":144,"column":57}}},"22":{"name":"(anonymous_63)","decl":{"start":{"line":154,"column":29},"end":{"line":154,"column":null}},"loc":{"start":{"line":154,"column":29},"end":{"line":164,"column":2}}},"23":{"name":"(anonymous_66)","decl":{"start":{"line":157,"column":38},"end":{"line":157,"column":39}},"loc":{"start":{"line":157,"column":49},"end":{"line":157,"column":55}}},"24":{"name":"(anonymous_67)","decl":{"start":{"line":166,"column":28},"end":{"line":166,"column":null}},"loc":{"start":{"line":166,"column":28},"end":{"line":177,"column":2}}},"25":{"name":"(anonymous_70)","decl":{"start":{"line":169,"column":36},"end":{"line":169,"column":37}},"loc":{"start":{"line":169,"column":47},"end":{"line":169,"column":53}}},"26":{"name":"(anonymous_71)","decl":{"start":{"line":179,"column":29},"end":{"line":179,"column":null}},"loc":{"start":{"line":179,"column":29},"end":{"line":192,"column":2}}},"27":{"name":"(anonymous_74)","decl":{"start":{"line":182,"column":38},"end":{"line":182,"column":39}},"loc":{"start":{"line":182,"column":49},"end":{"line":182,"column":55}}},"28":{"name":"(anonymous_75)","decl":{"start":{"line":194,"column":37},"end":{"line":194,"column":null}},"loc":{"start":{"line":194,"column":37},"end":{"line":203,"column":2}}},"29":{"name":"(anonymous_78)","decl":{"start":{"line":197,"column":55},"end":{"line":197,"column":56}},"loc":{"start":{"line":197,"column":66},"end":{"line":197,"column":72}}},"30":{"name":"(anonymous_79)","decl":{"start":{"line":205,"column":31},"end":{"line":205,"column":null}},"loc":{"start":{"line":205,"column":31},"end":{"line":216,"column":2}}},"31":{"name":"(anonymous_82)","decl":{"start":{"line":208,"column":42},"end":{"line":208,"column":43}},"loc":{"start":{"line":208,"column":53},"end":{"line":208,"column":59}}}},"branchMap":{"0":{"loc":{"start":{"line":53,"column":14},"end":{"line":53,"column":65}},"type":"cond-expr","locations":[{"start":{"line":53,"column":38},"end":{"line":53,"column":58}},{"start":{"line":53,"column":61},"end":{"line":53,"column":65}}]},"1":{"loc":{"start":{"line":89,"column":14},"end":{"line":89,"column":65}},"type":"cond-expr","locations":[{"start":{"line":89,"column":38},"end":{"line":89,"column":58}},{"start":{"line":89,"column":61},"end":{"line":89,"column":65}}]},"2":{"loc":{"start":{"line":115,"column":13},"end":{"line":115,"column":62}},"type":"cond-expr","locations":[{"start":{"line":115,"column":36},"end":{"line":115,"column":55}},{"start":{"line":115,"column":58},"end":{"line":115,"column":62}}]}},"s":{"0":2,"1":2,"2":2,"3":286,"4":286,"5":286,"6":286,"7":13,"8":11,"9":11,"10":11,"11":11,"12":55,"13":11,"14":2,"15":24,"16":22,"17":22,"18":22,"19":22,"20":176,"21":22,"22":2,"23":24,"24":22,"25":22,"26":22,"27":22,"28":792,"29":22,"30":2,"31":13,"32":11,"33":11,"34":11,"35":11,"36":77,"37":11,"38":2,"39":13,"40":11,"41":11,"42":11,"43":11,"44":33,"45":11,"46":2,"47":2,"48":0,"49":0,"50":0,"51":0,"52":0,"53":0,"54":2,"55":13,"56":11,"57":11,"58":11,"59":11,"60":99,"61":11,"62":2,"63":57,"64":55,"65":55,"66":55,"67":55,"68":1485,"69":55,"70":2,"71":24,"72":22,"73":22,"74":22,"75":22,"76":154,"77":22,"78":2,"79":46,"80":44,"81":44,"82":44,"83":44,"84":660,"85":44,"86":2,"87":57,"88":55,"89":55,"90":55,"91":55,"92":275,"93":55,"94":2,"95":13,"96":11,"97":11,"98":11,"99":11,"100":176,"101":11,"102":2,"103":2,"104":0,"105":0,"106":0,"107":0,"108":0,"109":0,"110":2,"111":2,"112":0,"113":0,"114":0,"115":0,"116":0,"117":0,"118":2,"119":13,"120":11,"121":11,"122":11,"123":11,"124":550,"125":11,"126":2},"f":{"0":286,"1":286,"2":22,"3":55,"4":44,"5":176,"6":44,"7":792,"8":22,"9":77,"10":22,"11":33,"12":0,"13":0,"14":22,"15":99,"16":110,"17":1485,"18":44,"19":154,"20":88,"21":660,"22":110,"23":275,"24":22,"25":176,"26":0,"27":0,"28":0,"29":0,"30":22,"31":550},"b":{"0":[132,44],"1":[33,0],"2":[99,0]}}
,"/Users/inga/Desktop/game-card/api/storage/storage.ts": {"path":"/Users/inga/Desktop/game-card/api/storage/storage.ts","statementMap":{"0":{"start":{"line":3,"column":0},"end":{"line":3,"column":null}},"1":{"start":{"line":39,"column":0},"end":{"line":39,"column":null}},"2":{"start":{"line":48,"column":0},"end":{"line":48,"column":null}},"3":{"start":{"line":76,"column":29},"end":{"line":81,"column":2}},"4":{"start":{"line":77,"column":34},"end":{"line":77,"column":null}},"5":{"start":{"line":77,"column":8},"end":{"line":77,"column":null}},"6":{"start":{"line":78,"column":26},"end":{"line":78,"column":null}},"7":{"start":{"line":78,"column":8},"end":{"line":78,"column":null}},"8":{"start":{"line":79,"column":36},"end":{"line":79,"column":null}},"9":{"start":{"line":79,"column":8},"end":{"line":79,"column":null}},"10":{"start":{"line":80,"column":2},"end":{"line":80,"column":60}},"11":{"start":{"line":76,"column":13},"end":{"line":76,"column":29}},"12":{"start":{"line":83,"column":28},"end":{"line":87,"column":2}},"13":{"start":{"line":84,"column":32},"end":{"line":84,"column":null}},"14":{"start":{"line":84,"column":8},"end":{"line":84,"column":null}},"15":{"start":{"line":85,"column":30},"end":{"line":85,"column":null}},"16":{"start":{"line":85,"column":8},"end":{"line":85,"column":null}},"17":{"start":{"line":86,"column":2},"end":{"line":86,"column":47}},"18":{"start":{"line":83,"column":13},"end":{"line":83,"column":28}},"19":{"start":{"line":89,"column":26},"end":{"line":95,"column":2}},"20":{"start":{"line":90,"column":28},"end":{"line":90,"column":null}},"21":{"start":{"line":90,"column":8},"end":{"line":90,"column":null}},"22":{"start":{"line":91,"column":42},"end":{"line":91,"column":null}},"23":{"start":{"line":91,"column":8},"end":{"line":91,"column":null}},"24":{"start":{"line":92,"column":27},"end":{"line":92,"column":null}},"25":{"start":{"line":92,"column":8},"end":{"line":92,"column":null}},"26":{"start":{"line":93,"column":17},"end":{"line":93,"column":null}},"27":{"start":{"line":93,"column":8},"end":{"line":93,"column":null}},"28":{"start":{"line":94,"column":2},"end":{"line":94,"column":77}},"29":{"start":{"line":89,"column":13},"end":{"line":89,"column":26}},"30":{"start":{"line":97,"column":30},"end":{"line":109,"column":2}},"31":{"start":{"line":98,"column":36},"end":{"line":98,"column":null}},"32":{"start":{"line":98,"column":8},"end":{"line":98,"column":null}},"33":{"start":{"line":99,"column":29},"end":{"line":99,"column":null}},"34":{"start":{"line":99,"column":8},"end":{"line":99,"column":null}},"35":{"start":{"line":101,"column":28},"end":{"line":101,"column":null}},"36":{"start":{"line":101,"column":8},"end":{"line":101,"column":null}},"37":{"start":{"line":102,"column":25},"end":{"line":102,"column":null}},"38":{"start":{"line":102,"column":8},"end":{"line":102,"column":null}},"39":{"start":{"line":103,"column":8},"end":{"line":107,"column":4}},"40":{"start":{"line":108,"column":2},"end":{"line":108,"column":60}},"41":{"start":{"line":97,"column":13},"end":{"line":97,"column":30}},"42":{"start":{"line":111,"column":32},"end":{"line":153,"column":2}},"43":{"start":{"line":113,"column":14},"end":{"line":153,"column":2}},"44":{"start":{"line":116,"column":43},"end":{"line":116,"column":null}},"45":{"start":{"line":116,"column":8},"end":{"line":116,"column":null}},"46":{"start":{"line":117,"column":44},"end":{"line":120,"column":null}},"47":{"start":{"line":117,"column":8},"end":{"line":120,"column":null}},"48":{"start":{"line":121,"column":46},"end":{"line":124,"column":null}},"49":{"start":{"line":121,"column":8},"end":{"line":124,"column":null}},"50":{"start":{"line":125,"column":42},"end":{"line":128,"column":null}},"51":{"start":{"line":125,"column":8},"end":{"line":128,"column":null}},"52":{"start":{"line":129,"column":38},"end":{"line":132,"column":null}},"53":{"start":{"line":129,"column":8},"end":{"line":132,"column":null}},"54":{"start":{"line":133,"column":39},"end":{"line":136,"column":null}},"55":{"start":{"line":133,"column":8},"end":{"line":136,"column":null}},"56":{"start":{"line":137,"column":37},"end":{"line":140,"column":null}},"57":{"start":{"line":137,"column":8},"end":{"line":140,"column":null}},"58":{"start":{"line":142,"column":8},"end":{"line":150,"column":4}},"59":{"start":{"line":152,"column":2},"end":{"line":152,"column":20}},"60":{"start":{"line":111,"column":13},"end":{"line":111,"column":32}},"61":{"start":{"line":155,"column":26},"end":{"line":161,"column":2}},"62":{"start":{"line":156,"column":36},"end":{"line":156,"column":null}},"63":{"start":{"line":156,"column":8},"end":{"line":156,"column":null}},"64":{"start":{"line":157,"column":27},"end":{"line":157,"column":null}},"65":{"start":{"line":157,"column":8},"end":{"line":157,"column":null}},"66":{"start":{"line":158,"column":19},"end":{"line":158,"column":null}},"67":{"start":{"line":158,"column":8},"end":{"line":158,"column":null}},"68":{"start":{"line":160,"column":2},"end":{"line":160,"column":57}},"69":{"start":{"line":155,"column":13},"end":{"line":155,"column":26}},"70":{"start":{"line":163,"column":30},"end":{"line":166,"column":2}},"71":{"start":{"line":164,"column":36},"end":{"line":164,"column":null}},"72":{"start":{"line":164,"column":8},"end":{"line":164,"column":null}},"73":{"start":{"line":165,"column":2},"end":{"line":165,"column":20}},"74":{"start":{"line":163,"column":13},"end":{"line":163,"column":30}},"75":{"start":{"line":168,"column":26},"end":{"line":174,"column":2}},"76":{"start":{"line":169,"column":28},"end":{"line":169,"column":null}},"77":{"start":{"line":169,"column":8},"end":{"line":169,"column":null}},"78":{"start":{"line":170,"column":32},"end":{"line":170,"column":null}},"79":{"start":{"line":170,"column":8},"end":{"line":170,"column":null}},"80":{"start":{"line":171,"column":30},"end":{"line":171,"column":null}},"81":{"start":{"line":171,"column":8},"end":{"line":171,"column":null}},"82":{"start":{"line":173,"column":2},"end":{"line":173,"column":53}},"83":{"start":{"line":168,"column":13},"end":{"line":168,"column":26}},"84":{"start":{"line":176,"column":27},"end":{"line":183,"column":2}},"85":{"start":{"line":177,"column":30},"end":{"line":177,"column":null}},"86":{"start":{"line":177,"column":8},"end":{"line":177,"column":null}},"87":{"start":{"line":178,"column":47},"end":{"line":178,"column":null}},"88":{"start":{"line":178,"column":8},"end":{"line":178,"column":null}},"89":{"start":{"line":179,"column":34},"end":{"line":179,"column":null}},"90":{"start":{"line":179,"column":8},"end":{"line":179,"column":null}},"91":{"start":{"line":180,"column":30},"end":{"line":180,"column":null}},"92":{"start":{"line":180,"column":8},"end":{"line":180,"column":null}},"93":{"start":{"line":182,"column":2},"end":{"line":182,"column":74}},"94":{"start":{"line":176,"column":13},"end":{"line":176,"column":27}},"95":{"start":{"line":185,"column":29},"end":{"line":190,"column":2}},"96":{"start":{"line":186,"column":32},"end":{"line":186,"column":null}},"97":{"start":{"line":186,"column":8},"end":{"line":186,"column":null}},"98":{"start":{"line":187,"column":30},"end":{"line":187,"column":null}},"99":{"start":{"line":187,"column":8},"end":{"line":187,"column":null}},"100":{"start":{"line":189,"column":2},"end":{"line":189,"column":47}},"101":{"start":{"line":185,"column":13},"end":{"line":185,"column":29}}},"fnMap":{"0":{"name":"(anonymous_13)","decl":{"start":{"line":76,"column":29},"end":{"line":76,"column":null}},"loc":{"start":{"line":76,"column":29},"end":{"line":81,"column":2}}},"1":{"name":"(anonymous_16)","decl":{"start":{"line":83,"column":28},"end":{"line":83,"column":null}},"loc":{"start":{"line":83,"column":28},"end":{"line":87,"column":2}}},"2":{"name":"(anonymous_19)","decl":{"start":{"line":89,"column":26},"end":{"line":89,"column":null}},"loc":{"start":{"line":89,"column":26},"end":{"line":95,"column":2}}},"3":{"name":"(anonymous_22)","decl":{"start":{"line":97,"column":30},"end":{"line":97,"column":null}},"loc":{"start":{"line":97,"column":30},"end":{"line":109,"column":2}}},"4":{"name":"(anonymous_25)","decl":{"start":{"line":111,"column":32},"end":{"line":111,"column":null}},"loc":{"start":{"line":113,"column":14},"end":{"line":153,"column":2}}},"5":{"name":"(anonymous_26)","decl":{"start":{"line":113,"column":14},"end":{"line":113,"column":null}},"loc":{"start":{"line":113,"column":14},"end":{"line":153,"column":2}}},"6":{"name":"(anonymous_28)","decl":{"start":{"line":155,"column":26},"end":{"line":155,"column":null}},"loc":{"start":{"line":155,"column":26},"end":{"line":161,"column":2}}},"7":{"name":"(anonymous_31)","decl":{"start":{"line":163,"column":30},"end":{"line":163,"column":null}},"loc":{"start":{"line":163,"column":30},"end":{"line":166,"column":2}}},"8":{"name":"(anonymous_34)","decl":{"start":{"line":168,"column":26},"end":{"line":168,"column":null}},"loc":{"start":{"line":168,"column":26},"end":{"line":174,"column":2}}},"9":{"name":"(anonymous_37)","decl":{"start":{"line":176,"column":27},"end":{"line":176,"column":null}},"loc":{"start":{"line":176,"column":27},"end":{"line":183,"column":2}}},"10":{"name":"(anonymous_40)","decl":{"start":{"line":185,"column":29},"end":{"line":185,"column":null}},"loc":{"start":{"line":185,"column":29},"end":{"line":190,"column":2}}}},"branchMap":{"0":{"loc":{"start":{"line":77,"column":34},"end":{"line":77,"column":null}},"type":"switch","locations":[{"start":{"line":77,"column":34},"end":{"line":77,"column":null}}]},"1":{"loc":{"start":{"line":84,"column":32},"end":{"line":84,"column":null}},"type":"switch","locations":[{"start":{"line":84,"column":32},"end":{"line":84,"column":null}}]},"2":{"loc":{"start":{"line":90,"column":28},"end":{"line":90,"column":null}},"type":"switch","locations":[{"start":{"line":90,"column":28},"end":{"line":90,"column":null}}]},"3":{"loc":{"start":{"line":98,"column":36},"end":{"line":98,"column":null}},"type":"switch","locations":[{"start":{"line":98,"column":36},"end":{"line":98,"column":null}}]},"4":{"loc":{"start":{"line":116,"column":43},"end":{"line":116,"column":null}},"type":"switch","locations":[{"start":{"line":116,"column":43},"end":{"line":116,"column":null}}]},"5":{"loc":{"start":{"line":156,"column":36},"end":{"line":156,"column":null}},"type":"switch","locations":[{"start":{"line":156,"column":36},"end":{"line":156,"column":null}}]},"6":{"loc":{"start":{"line":164,"column":36},"end":{"line":164,"column":null}},"type":"switch","locations":[{"start":{"line":164,"column":36},"end":{"line":164,"column":null}}]},"7":{"loc":{"start":{"line":169,"column":28},"end":{"line":169,"column":null}},"type":"switch","locations":[{"start":{"line":169,"column":28},"end":{"line":169,"column":null}}]},"8":{"loc":{"start":{"line":177,"column":30},"end":{"line":177,"column":null}},"type":"switch","locations":[{"start":{"line":177,"column":30},"end":{"line":177,"column":null}}]},"9":{"loc":{"start":{"line":186,"column":32},"end":{"line":186,"column":null}},"type":"switch","locations":[{"start":{"line":186,"column":32},"end":{"line":186,"column":null}}]}},"s":{"0":2,"1":2,"2":2,"3":24,"4":22,"5":22,"6":22,"7":22,"8":22,"9":22,"10":22,"11":2,"12":35,"13":33,"14":33,"15":33,"16":33,"17":33,"18":2,"19":13,"20":11,"21":11,"22":11,"23":11,"24":11,"25":11,"26":11,"27":11,"28":11,"29":2,"30":13,"31":11,"32":11,"33":11,"34":11,"35":11,"36":11,"37":11,"38":11,"39":11,"40":11,"41":2,"42":2,"43":11,"44":11,"45":11,"46":11,"47":11,"48":11,"49":11,"50":11,"51":11,"52":11,"53":11,"54":11,"55":11,"56":11,"57":11,"58":11,"59":11,"60":2,"61":24,"62":22,"63":22,"64":22,"65":22,"66":22,"67":22,"68":22,"69":2,"70":13,"71":11,"72":11,"73":11,"74":2,"75":13,"76":11,"77":11,"78":11,"79":11,"80":11,"81":11,"82":11,"83":2,"84":2,"85":0,"86":0,"87":0,"88":0,"89":0,"90":0,"91":0,"92":0,"93":0,"94":2,"95":13,"96":11,"97":11,"98":11,"99":11,"100":11,"101":2},"f":{"0":44,"1":66,"2":22,"3":22,"4":11,"5":11,"6":44,"7":22,"8":22,"9":0,"10":22},"b":{"0":[22],"1":[33],"2":[11],"3":[11],"4":[11],"5":[22],"6":[11],"7":[11],"8":[0],"9":[11]}}
}
