TN:
SF:__test__/testdata.ts
FN:39,(anonymous_2)
FN:58,(anonymous_3)
FN:67,(anonymous_4)
FN:77,(anonymous_5)
FN:87,(anonymous_6)
FN:100,(anonymous_7)
FN:111,(anonymous_8)
FN:119,(anonymous_9)
FN:130,(anonymous_10)
FN:142,(anonymous_11)
FN:147,(anonymous_12)
FN:156,(anonymous_13)
FN:180,(anonymous_14)
FN:181,(anonymous_15)
FN:198,(anonymous_16)
FN:212,(anonymous_17)
FN:218,(anonymous_18)
FN:228,(anonymous_19)
FNF:18
FNH:18
FNDA:40,(anonymous_2)
FNDA:32,(anonymous_3)
FNDA:24,(anonymous_4)
FNDA:24,(anonymous_5)
FNDA:24,(anonymous_6)
FNDA:24,(anonymous_7)
FNDA:32,(anonymous_8)
FNDA:32,(anonymous_9)
FNDA:32,(anonymous_10)
FNDA:32,(anonymous_11)
FNDA:32,(anonymous_12)
FNDA:40,(anonymous_13)
FNDA:24,(anonymous_14)
FNDA:48,(anonymous_15)
FNDA:24,(anonymous_16)
FNDA:32,(anonymous_17)
FNDA:40,(anonymous_18)
FNDA:32,(anonymous_19)
DA:22,8
DA:23,8
DA:24,8
DA:25,8
DA:26,8
DA:27,8
DA:28,8
DA:29,8
DA:30,8
DA:38,8
DA:40,40
DA:57,8
DA:59,32
DA:67,8
DA:68,24
DA:77,8
DA:78,24
DA:87,8
DA:88,24
DA:99,8
DA:101,24
DA:111,8
DA:112,32
DA:119,8
DA:120,32
DA:129,8
DA:131,32
DA:141,8
DA:143,32
DA:147,8
DA:148,32
DA:156,8
DA:157,40
DA:179,8
DA:181,48
DA:182,24
DA:183,0
DA:185,24
DA:194,8
DA:199,24
DA:211,8
DA:213,32
DA:217,8
DA:218,40
DA:228,8
DA:229,32
LF:46
LH:45
BRDA:46,0,0,16
BRDA:46,0,1,24
BRDA:80,1,0,8
BRDA:80,1,1,16
BRDA:92,2,0,8
BRDA:92,2,1,16
BRDA:93,3,0,8
BRDA:93,3,1,16
BRDA:135,4,0,16
BRDA:135,4,1,16
BRDA:136,5,0,16
BRDA:136,5,1,16
BRDA:162,6,0,16
BRDA:162,6,1,24
BRDA:182,7,0,0
BRDA:187,8,0,16
BRDA:187,8,1,8
BRF:17
BRH:16
end_of_record
TN:
SF:engine/actions.ts
FN:19,(anonymous_2)
FN:25,(anonymous_3)
FN:41,(anonymous_4)
FN:59,(anonymous_5)
FN:63,(anonymous_6)
FN:67,(anonymous_7)
FN:77,(anonymous_8)
FN:85,(anonymous_9)
FN:90,(anonymous_10)
FN:92,(anonymous_11)
FN:104,(anonymous_12)
FN:114,(anonymous_13)
FN:116,(anonymous_14)
FN:117,(anonymous_15)
FN:128,(anonymous_16)
FN:134,(anonymous_17)
FN:150,(anonymous_18)
FN:167,(anonymous_19)
FN:171,(anonymous_20)
FN:197,(anonymous_21)
FN:207,(anonymous_22)
FN:223,(anonymous_23)
FN:236,(anonymous_24)
FN:244,(anonymous_25)
FN:246,(anonymous_26)
FN:261,(anonymous_27)
FN:269,(anonymous_28)
FN:289,(anonymous_29)
FN:297,(anonymous_30)
FN:298,(anonymous_31)
FN:303,(anonymous_32)
FN:304,(anonymous_33)
FN:325,(anonymous_34)
FN:342,(anonymous_35)
FN:344,(anonymous_36)
FN:349,(anonymous_37)
FN:356,(anonymous_38)
FN:357,(anonymous_39)
FN:365,(anonymous_40)
FNF:39
FNH:39
FNDA:24,(anonymous_2)
FNDA:33,(anonymous_3)
FNDA:11,(anonymous_4)
FNDA:49,(anonymous_5)
FNDA:49,(anonymous_6)
FNDA:20,(anonymous_7)
FNDA:21,(anonymous_8)
FNDA:17,(anonymous_9)
FNDA:25,(anonymous_10)
FNDA:19,(anonymous_11)
FNDA:20,(anonymous_12)
FNDA:19,(anonymous_13)
FNDA:31,(anonymous_14)
FNDA:6,(anonymous_15)
FNDA:19,(anonymous_16)
FNDA:24,(anonymous_17)
FNDA:16,(anonymous_18)
FNDA:10,(anonymous_19)
FNDA:8,(anonymous_20)
FNDA:36,(anonymous_21)
FNDA:39,(anonymous_22)
FNDA:69,(anonymous_23)
FNDA:29,(anonymous_24)
FNDA:40,(anonymous_25)
FNDA:25,(anonymous_26)
FNDA:173,(anonymous_27)
FNDA:73,(anonymous_28)
FNDA:25,(anonymous_29)
FNDA:122,(anonymous_30)
FNDA:1119,(anonymous_31)
FNDA:621,(anonymous_32)
FNDA:56,(anonymous_33)
FNDA:18,(anonymous_34)
FNDA:106,(anonymous_35)
FNDA:71,(anonymous_36)
FNDA:16,(anonymous_37)
FNDA:43,(anonymous_38)
FNDA:337,(anonymous_39)
FNDA:50,(anonymous_40)
DA:17,10
DA:19,10
DA:25,33
DA:26,24
DA:27,1
DA:29,23
DA:30,1
DA:40,22
DA:41,11
DA:43,22
DA:44,3
DA:45,3
DA:48,19
DA:59,10
DA:60,49
DA:63,10
DA:64,49
DA:67,10
DA:71,20
DA:72,1
DA:74,19
DA:75,1
DA:77,21
DA:78,1
DA:82,17
DA:85,10
DA:90,25
DA:91,17
DA:92,19
DA:94,17
DA:95,1
DA:98,16
DA:99,1
DA:104,10
DA:109,20
DA:114,19
DA:116,31
DA:117,2
DA:118,6
DA:119,3
DA:124,17
DA:125,15
DA:128,10
DA:134,24
DA:135,19
DA:136,1
DA:140,18
DA:141,1
DA:150,17
DA:151,3
DA:152,3
DA:154,14
DA:155,14
DA:156,12
DA:165,2
DA:168,10
DA:172,8
DA:173,8
DA:175,8
DA:176,5
DA:178,5
DA:181,2
DA:182,1
DA:186,1
DA:187,1
DA:193,1
DA:197,10
DA:202,36
DA:203,1
DA:205,35
DA:206,35
DA:207,39
DA:210,35
DA:211,1
DA:215,34
DA:217,34
DA:218,1
DA:222,33
DA:223,69
DA:226,33
DA:227,1
DA:231,32
DA:232,32
DA:233,32
DA:236,10
DA:242,29
DA:243,29
DA:245,40
DA:246,25
DA:249,40
DA:250,1
DA:255,39
DA:256,10
DA:257,10
DA:260,29
DA:261,173
DA:263,29
DA:264,1
DA:268,28
DA:269,73
DA:271,28
DA:272,1
DA:277,27
DA:279,21
DA:282,6
DA:286,26
DA:289,10
DA:296,25
DA:297,25
DA:298,1119
DA:299,122
DA:300,1
DA:302,121
DA:303,621
DA:305,56
DA:306,0
DA:308,0
DA:311,121
DA:313,121
DA:322,24
DA:325,10
DA:331,18
DA:332,1
DA:334,17
DA:335,1
DA:337,16
DA:338,1
DA:341,15
DA:342,106
DA:344,71
DA:346,15
DA:349,10
DA:354,16
DA:356,16
DA:357,337
DA:358,43
DA:359,1
DA:364,42
DA:365,50
DA:367,42
DA:369,35
DA:376,7
DA:380,15
LF:143
LH:141
BRDA:26,0,0,1
BRDA:29,1,0,1
BRDA:35,2,0,0
BRDA:35,2,1,1
BRDA:43,3,0,3
BRDA:53,4,0,1
BRDA:53,4,1,18
BRDA:71,5,0,1
BRDA:71,6,0,20
BRDA:71,6,1,20
BRDA:74,7,0,1
BRDA:77,8,0,1
BRDA:94,9,0,1
BRDA:94,10,0,17
BRDA:94,10,1,16
BRDA:98,11,0,1
BRDA:118,12,0,3
BRDA:118,13,0,6
BRDA:118,13,1,5
BRDA:135,14,0,1
BRDA:140,15,0,1
BRDA:146,16,0,0
BRDA:146,16,1,1
BRDA:150,17,0,3
BRDA:155,18,0,12
BRDA:155,18,1,2
BRDA:161,19,0,0
BRDA:161,19,1,12
BRDA:168,20,0,10
BRDA:168,20,1,10
BRDA:175,21,0,3
BRDA:176,22,0,0
BRDA:181,23,0,1
BRDA:191,24,0,0
BRDA:191,24,1,1
BRDA:202,25,0,1
BRDA:202,26,0,36
BRDA:202,26,1,35
BRDA:210,27,0,1
BRDA:217,28,0,1
BRDA:217,29,0,34
BRDA:217,29,1,33
BRDA:226,30,0,1
BRDA:242,31,0,28
BRDA:242,31,1,1
BRDA:245,32,0,0
BRDA:245,32,1,40
BRDA:245,33,0,40
BRDA:245,33,1,40
BRDA:249,34,0,1
BRDA:249,35,0,40
BRDA:249,35,1,11
BRDA:255,36,0,10
BRDA:255,37,0,39
BRDA:255,37,1,10
BRDA:263,38,0,1
BRDA:271,39,0,1
BRDA:277,40,0,21
BRDA:277,40,1,6
BRDA:296,41,0,22
BRDA:296,41,1,3
BRDA:299,42,0,1
BRDA:305,43,0,56
BRDA:306,44,0,0
BRDA:311,45,0,56
BRDA:311,45,1,65
BRDA:317,46,0,2
BRDA:317,46,1,119
BRDA:331,47,0,1
BRDA:331,48,0,18
BRDA:331,48,1,17
BRDA:334,49,0,1
BRDA:337,50,0,1
BRDA:354,51,0,14
BRDA:354,51,1,2
BRDA:358,52,0,1
BRDA:364,53,0,0
BRDA:364,53,1,42
BRDA:364,54,0,42
BRDA:364,54,1,42
BRDA:367,55,0,35
BRDA:367,55,1,7
BRF:82
BRH:74
end_of_record
TN:
SF:engine/engine.ts
FN:38,(anonymous_15)
FN:40,(anonymous_16)
FN:44,(anonymous_18)
FN:55,(anonymous_19)
FN:66,(anonymous_22)
FN:68,(anonymous_23)
FNF:6
FNH:6
FNDA:11,(anonymous_15)
FNDA:11,(anonymous_16)
FNDA:22,(anonymous_18)
FNDA:22,(anonymous_19)
FNDA:11,(anonymous_22)
FNDA:11,(anonymous_23)
DA:2,2
DA:3,2
DA:12,2
DA:27,2
DA:38,2
DA:40,11
DA:42,11
DA:44,11
DA:45,22
DA:46,22
DA:48,22
DA:49,22
DA:50,2
DA:52,11
DA:55,13
DA:56,11
DA:57,11
DA:58,11
DA:59,11
DA:60,11
DA:61,11
DA:63,11
DA:66,2
DA:68,11
DA:70,11
DA:79,11
DA:80,11
DA:81,22
DA:82,0
DA:83,0
DA:84,0
DA:88,44
DA:89,33
DA:90,13
DA:91,13
DA:92,13
DA:93,18
DA:94,18
DA:99,18
DA:100,0
DA:101,0
DA:106,0
DA:107,2
DA:108,2
DA:113,2
DA:114,0
DA:115,0
DA:116,0
DA:117,0
DA:118,0
DA:119,0
DA:121,0
DA:124,11
LF:53
LH:40
BRDA:42,0,0,11
BRDA:48,1,0,0
BRDA:49,2,0,20
BRDA:56,3,0,11
BRDA:91,4,0,13
BRDA:91,4,1,18
BRDA:91,4,2,0
BRDA:91,4,3,2
BRDA:91,4,4,0
BRDA:91,4,5,0
BRDA:91,4,6,0
BRDA:91,4,7,0
BRDA:91,4,8,11
BRDA:81,5,0,11
BRDA:88,6,0,11
BRDA:90,7,0,13
BRDA:90,7,1,18
BRDA:90,7,2,0
BRDA:90,7,3,2
BRDA:90,7,4,0
BRDA:90,7,5,0
BRDA:90,7,6,0
BRF:22
BRH:12
end_of_record
TN:
SF:engine/events.ts
FN:26,(anonymous_14)
FN:29,(anonymous_15)
FN:78,(anonymous_17)
FN:88,(anonymous_18)
FN:116,(anonymous_19)
FN:119,(anonymous_20)
FN:126,(anonymous_22)
FN:129,(anonymous_23)
FN:141,(anonymous_25)
FN:144,(anonymous_26)
FN:156,(anonymous_28)
FN:160,(anonymous_29)
FN:165,(anonymous_31)
FN:166,(anonymous_32)
FNF:14
FNH:10
FNDA:13,(anonymous_14)
FNDA:13,(anonymous_15)
FNDA:0,(anonymous_17)
FNDA:0,(anonymous_18)
FNDA:2,(anonymous_19)
FNDA:2,(anonymous_20)
FNDA:18,(anonymous_22)
FNDA:18,(anonymous_23)
FNDA:0,(anonymous_25)
FNDA:0,(anonymous_26)
FNDA:18,(anonymous_28)
FNDA:18,(anonymous_29)
FNDA:18,(anonymous_31)
FNDA:32,(anonymous_32)
DA:1,2
DA:4,2
DA:26,2
DA:29,13
DA:31,13
DA:32,13
DA:33,13
DA:34,13
DA:39,13
DA:40,13
DA:41,13
DA:42,13
DA:43,13
DA:44,13
DA:45,13
DA:46,13
DA:47,13
DA:48,13
DA:50,13
DA:51,13
DA:52,13
DA:57,13
DA:58,13
DA:64,13
DA:69,13
DA:70,13
DA:75,13
DA:78,2
DA:79,0
DA:80,0
DA:81,0
DA:82,0
DA:83,0
DA:85,0
DA:88,2
DA:90,0
DA:91,0
DA:93,0
DA:94,0
DA:95,0
DA:96,0
DA:97,0
DA:98,0
DA:99,0
DA:101,0
DA:103,0
DA:104,0
DA:105,0
DA:106,0
DA:107,0
DA:112,0
DA:113,0
DA:116,2
DA:119,2
DA:121,2
DA:122,2
DA:123,2
DA:126,2
DA:129,18
DA:131,18
DA:137,18
DA:138,18
DA:141,2
DA:144,0
DA:146,0
DA:152,0
DA:153,0
DA:156,2
DA:160,18
DA:162,18
DA:163,18
DA:164,18
DA:165,18
DA:166,32
DA:168,18
DA:169,0
DA:185,18
DA:187,8
DA:196,8
DA:201,8
DA:203,6
DA:204,6
DA:209,6
DA:214,6
DA:216,4
DA:222,18
LF:86
LH:58
BRDA:90,0,0,0
BRDA:164,1,0,0
BRDA:164,1,1,18
BRDA:164,2,0,18
BRDA:164,2,1,18
BRDA:164,3,0,0
BRDA:164,3,1,18
BRDA:164,4,0,18
BRDA:164,4,1,18
BRDA:164,5,0,0
BRDA:164,5,1,18
BRDA:164,6,0,18
BRDA:164,6,1,18
BRDA:168,7,0,0
BRDA:185,8,0,8
BRDA:185,8,1,6
BRDA:185,8,2,4
BRDA:212,9,0,6
BRDA:212,9,1,0
BRF:19
BRH:13
end_of_record
TN:
SF:storage/combiners.ts
FN:47,(anonymous_2)
FN:72,(anonymous_3)
FN:78,(anonymous_4)
FN:79,(anonymous_5)
FN:81,(anonymous_6)
FN:83,(anonymous_7)
FN:101,(anonymous_8)
FN:106,(anonymous_9)
FN:108,(anonymous_10)
FN:109,(anonymous_11)
FN:111,(anonymous_12)
FN:135,(anonymous_13)
FN:140,(anonymous_14)
FN:143,(anonymous_15)
FN:147,(anonymous_16)
FN:167,(anonymous_17)
FN:171,(anonymous_18)
FN:173,(anonymous_19)
FN:174,(anonymous_20)
FN:191,(anonymous_21)
FN:196,(anonymous_22)
FN:197,(anonymous_23)
FN:201,(anonymous_24)
FN:215,(anonymous_25)
FN:219,(anonymous_26)
FN:220,(anonymous_27)
FN:233,(anonymous_28)
FN:238,(anonymous_29)
FN:239,(anonymous_30)
FN:241,(anonymous_31)
FN:255,(anonymous_32)
FN:261,(anonymous_33)
FN:262,(anonymous_34)
FN:266,(anonymous_35)
FN:268,(anonymous_36)
FN:299,(anonymous_37)
FN:303,(anonymous_38)
FN:304,(anonymous_39)
FN:317,(anonymous_40)
FN:337,(anonymous_41)
FN:345,(anonymous_42)
FN:361,(anonymous_43)
FN:365,(anonymous_44)
FN:367,(anonymous_45)
FN:374,(anonymous_46)
FN:384,(anonymous_47)
FN:388,(anonymous_48)
FNF:47
FNH:42
FNDA:11,(anonymous_2)
FNDA:11,(anonymous_3)
FNDA:33,(anonymous_4)
FNDA:176,(anonymous_5)
FNDA:231,(anonymous_6)
FNDA:396,(anonymous_7)
FNDA:22,(anonymous_8)
FNDA:176,(anonymous_9)
FNDA:6336,(anonymous_10)
FNDA:792,(anonymous_11)
FNDA:2376,(anonymous_12)
FNDA:11,(anonymous_13)
FNDA:99,(anonymous_14)
FNDA:66,(anonymous_15)
FNDA:231,(anonymous_16)
FNDA:11,(anonymous_17)
FNDA:55,(anonymous_18)
FNDA:495,(anonymous_19)
FNDA:99,(anonymous_20)
FNDA:22,(anonymous_21)
FNDA:154,(anonymous_22)
FNDA:462,(anonymous_23)
FNDA:836,(anonymous_24)
FNDA:33,(anonymous_25)
FNDA:495,(anonymous_26)
FNDA:1485,(anonymous_27)
FNDA:11,(anonymous_28)
FNDA:176,(anonymous_29)
FNDA:528,(anonymous_30)
FNDA:528,(anonymous_31)
FNDA:0,(anonymous_32)
FNDA:0,(anonymous_33)
FNDA:0,(anonymous_34)
FNDA:0,(anonymous_35)
FNDA:0,(anonymous_36)
FNDA:11,(anonymous_37)
FNDA:550,(anonymous_38)
FNDA:1650,(anonymous_39)
FNDA:11,(anonymous_40)
FNDA:44,(anonymous_41)
FNDA:19,(anonymous_42)
FNDA:11,(anonymous_43)
FNDA:2,(anonymous_44)
FNDA:20,(anonymous_45)
FNDA:4,(anonymous_46)
FNDA:11,(anonymous_47)
FNDA:1,(anonymous_48)
DA:47,2
DA:56,11
DA:57,11
DA:58,11
DA:59,9
DA:60,11
DA:61,0
DA:62,11
DA:63,0
DA:64,11
DA:65,11
DA:66,2
DA:67,11
DA:68,1
DA:69,11
DA:72,2
DA:78,11
DA:79,176
DA:80,33
DA:81,33
DA:82,231
DA:83,396
DA:85,231
DA:86,0
DA:87,231
DA:89,33
DA:98,11
DA:101,2
DA:106,22
DA:107,176
DA:108,6336
DA:110,792
DA:111,2376
DA:113,792
DA:114,0
DA:115,792
DA:123,176
DA:132,22
DA:135,2
DA:140,11
DA:142,99
DA:143,66
DA:144,33
DA:145,33
DA:146,66
DA:147,231
DA:148,66
DA:149,66
DA:151,0
DA:153,99
DA:164,11
DA:167,2
DA:171,11
DA:172,55
DA:173,495
DA:175,99
DA:180,55
DA:188,11
DA:191,2
DA:196,22
DA:197,462
DA:198,154
DA:199,0
DA:200,154
DA:201,836
DA:203,154
DA:204,0
DA:205,154
DA:212,22
DA:215,2
DA:219,33
DA:220,1485
DA:221,495
DA:222,495
DA:230,33
DA:233,2
DA:238,11
DA:239,528
DA:240,176
DA:241,528
DA:242,176
DA:244,176
DA:252,11
DA:255,2
DA:261,0
DA:262,0
DA:263,0
DA:265,0
DA:267,0
DA:268,0
DA:270,0
DA:271,0
DA:272,0
DA:283,0
DA:285,0
DA:296,0
DA:299,2
DA:303,11
DA:304,1650
DA:305,550
DA:306,550
DA:314,11
DA:317,2
DA:320,11
DA:321,0
DA:324,11
DA:325,11
DA:326,0
DA:329,11
DA:337,2
DA:344,44
DA:345,44
DA:346,19
DA:354,44
DA:361,2
DA:364,11
DA:365,11
DA:366,2
DA:367,2
DA:368,20
DA:369,20
DA:371,2
DA:374,4
DA:381,11
DA:384,2
DA:387,11
DA:388,11
DA:389,1
DA:397,11
LF:129
LH:108
BRDA:57,0,0,11
BRDA:58,1,0,9
BRDA:60,2,0,0
BRDA:62,3,0,0
BRDA:64,4,0,0
BRDA:65,5,0,2
BRDA:67,6,0,1
BRDA:80,7,0,0
BRDA:85,8,0,0
BRDA:113,9,0,0
BRDA:142,10,0,33
BRDA:142,10,1,66
BRDA:144,11,0,0
BRDA:146,12,0,66
BRDA:146,12,1,0
BRDA:148,13,0,0
BRDA:177,14,0,11
BRDA:177,14,1,88
BRDA:198,15,0,0
BRDA:203,16,0,0
BRDA:221,17,0,0
BRDA:240,18,0,0
BRDA:242,19,0,0
BRDA:263,20,0,0
BRDA:270,21,0,0
BRDA:305,22,0,0
BRDA:320,23,0,0
BRDA:325,24,0,0
BRDA:333,25,0,0
BRDA:333,25,1,11
BRDA:351,26,0,18
BRDA:351,26,1,1
BRDA:378,27,0,2
BRDA:378,27,1,0
BRDA:394,28,0,0
BRDA:394,28,1,1
BRF:36
BRH:14
end_of_record
TN:
SF:storage/db_helpers.ts
FN:5,(anonymous_0)
FN:10,(anonymous_1)
FN:11,(anonymous_2)
FN:15,(anonymous_3)
FN:23,(anonymous_4)
FN:27,(anonymous_5)
FN:28,(anonymous_6)
FN:37,(anonymous_7)
FN:39,(anonymous_8)
FN:40,(anonymous_9)
FN:44,(anonymous_10)
FN:45,(anonymous_11)
FN:47,(anonymous_12)
FN:48,(anonymous_13)
FN:57,(anonymous_14)
FN:58,(anonymous_15)
FN:60,(anonymous_16)
FN:61,(anonymous_17)
FNF:18
FNH:8
FNDA:77,(anonymous_0)
FNDA:77,(anonymous_1)
FNDA:77,(anonymous_2)
FNDA:33,(anonymous_3)
FNDA:0,(anonymous_4)
FNDA:0,(anonymous_5)
FNDA:0,(anonymous_6)
FNDA:0,(anonymous_7)
FNDA:0,(anonymous_8)
FNDA:0,(anonymous_9)
FNDA:0,(anonymous_10)
FNDA:0,(anonymous_11)
FNDA:0,(anonymous_12)
FNDA:0,(anonymous_13)
FNDA:16,(anonymous_14)
FNDA:68,(anonymous_15)
FNDA:16,(anonymous_16)
FNDA:16,(anonymous_17)
DA:5,2
DA:10,77
DA:11,77
DA:12,77
DA:13,0
DA:15,77
DA:16,33
DA:18,77
DA:23,2
DA:27,0
DA:28,0
DA:29,0
DA:30,0
DA:32,0
DA:37,2
DA:38,0
DA:39,0
DA:40,0
DA:41,0
DA:44,0
DA:45,0
DA:46,0
DA:47,0
DA:48,0
DA:49,0
DA:50,0
DA:52,0
DA:57,2
DA:58,68
DA:59,16
DA:60,16
DA:61,16
DA:62,16
DA:63,0
DA:65,16
LF:35
LH:16
BRDA:12,0,0,0
BRDA:29,1,0,0
BRDA:49,2,0,0
BRDA:62,3,0,0
BRF:4
BRH:0
end_of_record
TN:
SF:storage/dynamic_data_readers.ts
FN:10,(anonymous_13)
FN:12,(anonymous_14)
FN:19,(anonymous_16)
FN:21,(anonymous_17)
FN:31,(anonymous_19)
FN:33,(anonymous_20)
FN:43,(anonymous_22)
FN:45,(anonymous_23)
FN:55,(anonymous_25)
FN:57,(anonymous_26)
FN:67,(anonymous_28)
FN:69,(anonymous_29)
FN:79,(anonymous_31)
FN:81,(anonymous_32)
FNF:14
FNH:14
FNDA:11,(anonymous_13)
FNDA:11,(anonymous_14)
FNDA:11,(anonymous_16)
FNDA:11,(anonymous_17)
FNDA:11,(anonymous_19)
FNDA:11,(anonymous_20)
FNDA:11,(anonymous_22)
FNDA:11,(anonymous_23)
FNDA:11,(anonymous_25)
FNDA:11,(anonymous_26)
FNDA:11,(anonymous_28)
FNDA:11,(anonymous_29)
FNDA:11,(anonymous_31)
FNDA:11,(anonymous_32)
DA:2,2
DA:10,2
DA:12,11
DA:14,11
DA:15,11
DA:16,11
DA:19,2
DA:21,11
DA:23,11
DA:24,11
DA:28,11
DA:31,2
DA:33,11
DA:35,11
DA:36,11
DA:40,11
DA:43,2
DA:45,11
DA:47,11
DA:48,11
DA:52,11
DA:55,2
DA:57,11
DA:59,11
DA:60,11
DA:64,11
DA:67,2
DA:69,11
DA:71,11
DA:72,11
DA:76,11
DA:79,2
DA:81,11
DA:83,11
DA:84,11
DA:87,11
LF:36
LH:36
BRF:0
BRH:0
end_of_record
TN:
SF:storage/dynamic_data_writers.ts
FN:4,(anonymous_13)
FN:4,(anonymous_14)
FN:19,(anonymous_16)
FN:25,(anonymous_17)
FN:47,(anonymous_19)
FN:51,(anonymous_20)
FN:73,(anonymous_22)
FN:77,(anonymous_23)
FN:99,(anonymous_25)
FN:103,(anonymous_26)
FN:119,(anonymous_28)
FN:123,(anonymous_29)
FNF:12
FNH:4
FNDA:0,(anonymous_13)
FNDA:0,(anonymous_14)
FNDA:2,(anonymous_16)
FNDA:2,(anonymous_17)
FNDA:6,(anonymous_19)
FNDA:6,(anonymous_20)
FNDA:0,(anonymous_22)
FNDA:0,(anonymous_23)
FNDA:0,(anonymous_25)
FNDA:0,(anonymous_26)
FNDA:0,(anonymous_28)
FNDA:0,(anonymous_29)
DA:2,2
DA:4,2
DA:5,0
DA:6,0
DA:7,0
DA:9,0
DA:10,0
DA:11,0
DA:12,0
DA:14,0
DA:15,0
DA:16,0
DA:19,2
DA:25,2
DA:27,2
DA:28,2
DA:29,2
DA:31,2
DA:38,2
DA:39,2
DA:40,2
DA:42,2
DA:43,2
DA:44,2
DA:47,2
DA:51,6
DA:53,6
DA:54,6
DA:55,6
DA:57,6
DA:64,6
DA:65,6
DA:66,6
DA:68,6
DA:69,6
DA:70,6
DA:73,2
DA:77,0
DA:79,0
DA:80,0
DA:81,0
DA:83,0
DA:90,0
DA:91,0
DA:92,0
DA:94,0
DA:95,0
DA:96,0
DA:99,2
DA:103,0
DA:105,0
DA:106,0
DA:107,0
DA:109,0
DA:110,0
DA:111,0
DA:112,0
DA:114,0
DA:115,0
DA:116,0
DA:119,2
DA:123,0
DA:125,0
DA:126,0
DA:127,0
DA:129,0
DA:130,0
DA:131,0
DA:132,0
DA:134,0
DA:135,0
DA:136,0
LF:72
LH:29
BRF:0
BRH:0
end_of_record
TN:
SF:storage/static_data_csv.ts
FN:23,(anonymous_20)
FN:23,(anonymous_21)
FN:35,(anonymous_23)
FN:38,(anonymous_26)
FN:48,(anonymous_27)
FN:51,(anonymous_30)
FN:60,(anonymous_31)
FN:63,(anonymous_34)
FN:74,(anonymous_35)
FN:77,(anonymous_38)
FN:84,(anonymous_39)
FN:87,(anonymous_42)
FN:98,(anonymous_43)
FN:102,(anonymous_46)
FN:106,(anonymous_47)
FN:109,(anonymous_50)
FN:120,(anonymous_51)
FN:123,(anonymous_54)
FN:131,(anonymous_55)
FN:134,(anonymous_58)
FN:141,(anonymous_59)
FN:144,(anonymous_62)
FN:154,(anonymous_63)
FN:157,(anonymous_66)
FN:166,(anonymous_67)
FN:169,(anonymous_70)
FN:179,(anonymous_71)
FN:182,(anonymous_74)
FN:194,(anonymous_75)
FN:197,(anonymous_78)
FN:205,(anonymous_79)
FN:208,(anonymous_82)
FNF:32
FNH:26
FNDA:286,(anonymous_20)
FNDA:286,(anonymous_21)
FNDA:22,(anonymous_23)
FNDA:55,(anonymous_26)
FNDA:44,(anonymous_27)
FNDA:176,(anonymous_30)
FNDA:44,(anonymous_31)
FNDA:792,(anonymous_34)
FNDA:22,(anonymous_35)
FNDA:77,(anonymous_38)
FNDA:22,(anonymous_39)
FNDA:33,(anonymous_42)
FNDA:0,(anonymous_43)
FNDA:0,(anonymous_46)
FNDA:22,(anonymous_47)
FNDA:99,(anonymous_50)
FNDA:110,(anonymous_51)
FNDA:1485,(anonymous_54)
FNDA:44,(anonymous_55)
FNDA:154,(anonymous_58)
FNDA:88,(anonymous_59)
FNDA:660,(anonymous_62)
FNDA:110,(anonymous_63)
FNDA:275,(anonymous_66)
FNDA:22,(anonymous_67)
FNDA:176,(anonymous_70)
FNDA:0,(anonymous_71)
FNDA:0,(anonymous_74)
FNDA:0,(anonymous_75)
FNDA:0,(anonymous_78)
FNDA:22,(anonymous_79)
FNDA:550,(anonymous_82)
DA:1,2
DA:2,2
DA:23,286
DA:24,286
DA:28,286
DA:32,286
DA:35,13
DA:36,11
DA:37,11
DA:38,55
DA:45,11
DA:48,24
DA:49,22
DA:50,22
DA:51,176
DA:57,22
DA:60,24
DA:61,22
DA:62,22
DA:63,792
DA:71,22
DA:74,13
DA:75,11
DA:76,11
DA:77,77
DA:81,11
DA:84,13
DA:85,11
DA:86,11
DA:87,33
DA:95,11
DA:98,2
DA:99,0
DA:100,0
DA:102,0
DA:103,0
DA:106,13
DA:107,11
DA:108,11
DA:109,99
DA:117,11
DA:120,57
DA:121,55
DA:122,55
DA:123,1485
DA:128,55
DA:131,24
DA:132,22
DA:133,22
DA:134,154
DA:138,22
DA:141,46
DA:142,44
DA:143,44
DA:144,660
DA:151,44
DA:154,57
DA:155,55
DA:156,55
DA:157,275
DA:163,55
DA:166,13
DA:167,11
DA:168,11
DA:169,176
DA:176,11
DA:179,2
DA:180,0
DA:181,0
DA:182,0
DA:191,0
DA:194,2
DA:195,0
DA:196,0
DA:197,0
DA:202,0
DA:205,13
DA:206,11
DA:207,11
DA:208,550
DA:215,11
LF:81
LH:69
BRDA:53,0,0,132
BRDA:53,0,1,44
BRDA:89,1,0,33
BRDA:89,1,1,0
BRDA:115,2,0,99
BRDA:115,2,1,0
BRF:6
BRH:4
end_of_record
TN:
SF:storage/storage.ts
FN:76,(anonymous_13)
FN:83,(anonymous_16)
FN:89,(anonymous_19)
FN:97,(anonymous_22)
FN:111,(anonymous_25)
FN:113,(anonymous_26)
FN:155,(anonymous_28)
FN:163,(anonymous_31)
FN:168,(anonymous_34)
FN:176,(anonymous_37)
FN:185,(anonymous_40)
FNF:11
FNH:10
FNDA:44,(anonymous_13)
FNDA:66,(anonymous_16)
FNDA:22,(anonymous_19)
FNDA:22,(anonymous_22)
FNDA:11,(anonymous_25)
FNDA:11,(anonymous_26)
FNDA:44,(anonymous_28)
FNDA:22,(anonymous_31)
FNDA:22,(anonymous_34)
FNDA:0,(anonymous_37)
FNDA:22,(anonymous_40)
DA:3,2
DA:39,2
DA:48,2
DA:76,24
DA:77,22
DA:78,22
DA:79,22
DA:80,22
DA:83,35
DA:84,33
DA:85,33
DA:86,33
DA:89,13
DA:90,11
DA:91,11
DA:92,11
DA:93,11
DA:94,11
DA:97,13
DA:98,11
DA:99,11
DA:101,11
DA:102,11
DA:103,11
DA:108,11
DA:111,2
DA:113,11
DA:116,11
DA:117,11
DA:121,11
DA:125,11
DA:129,11
DA:133,11
DA:137,11
DA:142,11
DA:152,11
DA:155,24
DA:156,22
DA:157,22
DA:158,22
DA:160,22
DA:163,13
DA:164,11
DA:165,11
DA:168,13
DA:169,11
DA:170,11
DA:171,11
DA:173,11
DA:176,2
DA:177,0
DA:178,0
DA:179,0
DA:180,0
DA:182,0
DA:185,13
DA:186,11
DA:187,11
DA:189,11
LF:59
LH:54
BRDA:77,0,0,22
BRDA:84,1,0,33
BRDA:90,2,0,11
BRDA:98,3,0,11
BRDA:116,4,0,11
BRDA:156,5,0,22
BRDA:164,6,0,11
BRDA:169,7,0,11
BRDA:177,8,0,0
BRDA:186,9,0,11
BRF:10
BRH:9
end_of_record
