TN:
SF:db/readers.ts
FN:14,(anonymous_0)
FN:18,(anonymous_1)
FN:22,(anonymous_2)
FN:26,(anonymous_3)
FN:30,(anonymous_4)
FN:33,(anonymous_5)
FN:43,(anonymous_6)
FN:45,(anonymous_7)
FN:51,(anonymous_8)
FN:53,(anonymous_9)
FN:59,(anonymous_10)
FN:61,(anonymous_11)
FNF:12
FNH:0
FNDA:0,(anonymous_0)
FNDA:0,(anonymous_1)
FNDA:0,(anonymous_2)
FNDA:0,(anonymous_3)
FNDA:0,(anonymous_4)
FNDA:0,(anonymous_5)
FNDA:0,(anonymous_6)
FNDA:0,(anonymous_7)
FNDA:0,(anonymous_8)
FNDA:0,(anonymous_9)
FNDA:0,(anonymous_10)
FNDA:0,(anonymous_11)
DA:7,1
DA:14,1
DA:15,0
DA:18,1
DA:19,0
DA:22,1
DA:23,0
DA:26,1
DA:27,0
DA:30,1
DA:32,0
DA:33,0
DA:36,0
DA:40,0
DA:43,1
DA:44,0
DA:45,0
DA:47,0
DA:48,0
DA:51,1
DA:52,0
DA:53,0
DA:55,0
DA:56,0
DA:59,1
DA:60,0
DA:61,0
DA:63,0
DA:64,0
LF:29
LH:9
BRDA:36,0,0,0
BRDA:47,1,0,0
BRDA:55,2,0,0
BRDA:63,3,0,0
BRF:4
BRH:0
end_of_record
TN:
SF:db/testDB.ts
FNF:0
FNH:0
DA:11,2
DA:22,2
DA:111,2
DA:133,2
DA:138,2
DA:142,2
LF:6
LH:6
BRF:0
BRH:0
end_of_record
TN:
SF:engine/actions.ts
FN:10,(anonymous_1)
FN:12,(anonymous_2)
FN:17,(anonymous_3)
FN:23,(anonymous_4)
FN:30,(anonymous_5)
FN:43,(anonymous_6)
FN:55,(anonymous_7)
FNF:7
FNH:7
FNDA:9,(anonymous_1)
FNDA:9,(anonymous_2)
FNDA:11,(anonymous_3)
FNDA:3,(anonymous_4)
FNDA:6,(anonymous_5)
FNDA:3,(anonymous_6)
FNDA:3,(anonymous_7)
DA:1,2
DA:10,2
DA:11,9
DA:12,9
DA:14,9
DA:15,0
DA:16,9
DA:17,11
DA:19,9
DA:20,9
DA:23,2
DA:28,3
DA:29,3
DA:30,3
DA:31,6
DA:34,6
DA:35,6
DA:36,4
DA:38,6
DA:40,3
DA:43,2
DA:47,3
DA:48,3
DA:49,3
DA:51,3
DA:52,3
DA:55,2
DA:60,3
DA:61,3
DA:62,3
DA:63,2
DA:65,1
LF:32
LH:31
BRDA:14,0,0,0
BRDA:19,1,0,0
BRDA:35,2,0,4
BRDA:48,3,0,3
BRDA:62,4,0,2
BRF:5
BRH:3
end_of_record
TN:
SF:engine/engine.ts
FN:24,(anonymous_2)
FN:35,(anonymous_3)
FNF:2
FNH:1
FNDA:1,(anonymous_2)
FNDA:0,(anonymous_3)
DA:1,1
DA:6,1
DA:7,1
DA:10,1
DA:24,1
DA:29,1
DA:30,1
DA:32,0
DA:35,1
DA:37,0
DA:38,0
DA:39,0
DA:40,0
DA:42,0
DA:46,0
DA:48,0
DA:49,0
DA:51,0
DA:55,0
DA:58,0
LF:20
LH:8
BRDA:29,0,0,1
BRDA:40,1,0,0
BRDA:40,1,1,0
BRDA:40,1,2,0
BRF:4
BRH:1
end_of_record
TN:
SF:engine/events.ts
FN:12,(anonymous_2)
FN:23,(anonymous_3)
FN:29,(anonymous_4)
FN:41,(anonymous_5)
FNF:4
FNH:4
FNDA:1,(anonymous_2)
FNDA:8,(anonymous_3)
FNDA:1,(anonymous_4)
FNDA:1,(anonymous_5)
DA:1,1
DA:2,1
DA:3,1
DA:12,1
DA:16,1
DA:24,8
DA:29,1
DA:33,1
DA:38,1
DA:41,1
DA:45,1
DA:46,1
DA:47,1
DA:49,1
DA:50,1
DA:51,1
DA:52,1
DA:55,1
LF:18
LH:18
BRDA:49,0,0,1
BRF:1
BRH:1
end_of_record
